[2025-03-05T21:25:29.009+0000] {processor.py:161} INFO - Started process (PID=181) to work on /opt/airflow/dags/prueba.py
[2025-03-05T21:25:29.010+0000] {processor.py:830} INFO - Processing file /opt/airflow/dags/prueba.py for tasks to queue
[2025-03-05T21:25:29.012+0000] {logging_mixin.py:188} INFO - [2025-03-05T21:25:29.012+0000] {dagbag.py:538} INFO - Filling up the DagBag from /opt/airflow/dags/prueba.py
[2025-03-05T21:25:29.049+0000] {processor.py:840} INFO - DAG(s) 'hola_mundo_dag' retrieved from /opt/airflow/dags/prueba.py
[2025-03-05T21:25:29.337+0000] {logging_mixin.py:188} INFO - [2025-03-05T21:25:29.337+0000] {dag.py:3036} INFO - Sync 1 DAGs
[2025-03-05T21:25:29.357+0000] {logging_mixin.py:188} INFO - [2025-03-05T21:25:29.357+0000] {dag.py:3823} INFO - Setting next_dagrun for hola_mundo_dag to None, run_after=None
[2025-03-05T21:25:29.392+0000] {processor.py:183} INFO - Processing /opt/airflow/dags/prueba.py took 0.387 seconds
[2025-03-05T21:25:59.660+0000] {processor.py:161} INFO - Started process (PID=191) to work on /opt/airflow/dags/prueba.py
[2025-03-05T21:25:59.661+0000] {processor.py:830} INFO - Processing file /opt/airflow/dags/prueba.py for tasks to queue
[2025-03-05T21:25:59.663+0000] {logging_mixin.py:188} INFO - [2025-03-05T21:25:59.662+0000] {dagbag.py:538} INFO - Filling up the DagBag from /opt/airflow/dags/prueba.py
[2025-03-05T21:25:59.704+0000] {processor.py:840} INFO - DAG(s) 'hola_mundo_dag' retrieved from /opt/airflow/dags/prueba.py
[2025-03-05T21:25:59.728+0000] {logging_mixin.py:188} INFO - [2025-03-05T21:25:59.728+0000] {dag.py:3036} INFO - Sync 1 DAGs
[2025-03-05T21:25:59.742+0000] {logging_mixin.py:188} INFO - [2025-03-05T21:25:59.741+0000] {dag.py:3823} INFO - Setting next_dagrun for hola_mundo_dag to None, run_after=None
[2025-03-05T21:25:59.805+0000] {processor.py:183} INFO - Processing /opt/airflow/dags/prueba.py took 0.148 seconds
[2025-03-05T21:26:30.377+0000] {processor.py:161} INFO - Started process (PID=201) to work on /opt/airflow/dags/prueba.py
[2025-03-05T21:26:30.378+0000] {processor.py:830} INFO - Processing file /opt/airflow/dags/prueba.py for tasks to queue
[2025-03-05T21:26:30.380+0000] {logging_mixin.py:188} INFO - [2025-03-05T21:26:30.380+0000] {dagbag.py:538} INFO - Filling up the DagBag from /opt/airflow/dags/prueba.py
[2025-03-05T21:26:30.414+0000] {processor.py:840} INFO - DAG(s) 'hola_mundo_dag' retrieved from /opt/airflow/dags/prueba.py
[2025-03-05T21:26:30.434+0000] {logging_mixin.py:188} INFO - [2025-03-05T21:26:30.434+0000] {dag.py:3036} INFO - Sync 1 DAGs
[2025-03-05T21:26:30.450+0000] {logging_mixin.py:188} INFO - [2025-03-05T21:26:30.450+0000] {dag.py:3823} INFO - Setting next_dagrun for hola_mundo_dag to None, run_after=None
[2025-03-05T21:26:30.487+0000] {processor.py:183} INFO - Processing /opt/airflow/dags/prueba.py took 0.112 seconds
[2025-03-05T21:27:00.885+0000] {processor.py:161} INFO - Started process (PID=211) to work on /opt/airflow/dags/prueba.py
[2025-03-05T21:27:00.887+0000] {processor.py:830} INFO - Processing file /opt/airflow/dags/prueba.py for tasks to queue
[2025-03-05T21:27:00.889+0000] {logging_mixin.py:188} INFO - [2025-03-05T21:27:00.889+0000] {dagbag.py:538} INFO - Filling up the DagBag from /opt/airflow/dags/prueba.py
[2025-03-05T21:27:00.968+0000] {processor.py:840} INFO - DAG(s) 'hola_mundo_dag' retrieved from /opt/airflow/dags/prueba.py
[2025-03-05T21:27:01.002+0000] {logging_mixin.py:188} INFO - [2025-03-05T21:27:01.001+0000] {dag.py:3036} INFO - Sync 1 DAGs
[2025-03-05T21:27:01.014+0000] {logging_mixin.py:188} INFO - [2025-03-05T21:27:01.014+0000] {dag.py:3823} INFO - Setting next_dagrun for hola_mundo_dag to None, run_after=None
[2025-03-05T21:27:01.046+0000] {processor.py:183} INFO - Processing /opt/airflow/dags/prueba.py took 0.163 seconds
[2025-03-05T21:27:31.388+0000] {processor.py:161} INFO - Started process (PID=243) to work on /opt/airflow/dags/prueba.py
[2025-03-05T21:27:31.390+0000] {processor.py:830} INFO - Processing file /opt/airflow/dags/prueba.py for tasks to queue
[2025-03-05T21:27:31.392+0000] {logging_mixin.py:188} INFO - [2025-03-05T21:27:31.392+0000] {dagbag.py:538} INFO - Filling up the DagBag from /opt/airflow/dags/prueba.py
[2025-03-05T21:27:31.446+0000] {processor.py:840} INFO - DAG(s) 'hola_mundo_dag' retrieved from /opt/airflow/dags/prueba.py
[2025-03-05T21:27:31.486+0000] {logging_mixin.py:188} INFO - [2025-03-05T21:27:31.485+0000] {dag.py:3036} INFO - Sync 1 DAGs
[2025-03-05T21:27:31.505+0000] {logging_mixin.py:188} INFO - [2025-03-05T21:27:31.505+0000] {dag.py:3823} INFO - Setting next_dagrun for hola_mundo_dag to None, run_after=None
[2025-03-05T21:27:31.550+0000] {processor.py:183} INFO - Processing /opt/airflow/dags/prueba.py took 0.168 seconds
[2025-03-05T21:28:02.637+0000] {processor.py:161} INFO - Started process (PID=253) to work on /opt/airflow/dags/prueba.py
[2025-03-05T21:28:02.639+0000] {processor.py:830} INFO - Processing file /opt/airflow/dags/prueba.py for tasks to queue
[2025-03-05T21:28:02.641+0000] {logging_mixin.py:188} INFO - [2025-03-05T21:28:02.640+0000] {dagbag.py:538} INFO - Filling up the DagBag from /opt/airflow/dags/prueba.py
[2025-03-05T21:28:02.680+0000] {processor.py:840} INFO - DAG(s) 'hola_mundo_dag' retrieved from /opt/airflow/dags/prueba.py
[2025-03-05T21:28:02.712+0000] {logging_mixin.py:188} INFO - [2025-03-05T21:28:02.712+0000] {dag.py:3036} INFO - Sync 1 DAGs
[2025-03-05T21:28:02.722+0000] {logging_mixin.py:188} INFO - [2025-03-05T21:28:02.721+0000] {dag.py:3823} INFO - Setting next_dagrun for hola_mundo_dag to None, run_after=None
[2025-03-05T21:28:02.745+0000] {processor.py:183} INFO - Processing /opt/airflow/dags/prueba.py took 0.111 seconds
[2025-03-05T21:28:32.912+0000] {processor.py:161} INFO - Started process (PID=263) to work on /opt/airflow/dags/prueba.py
[2025-03-05T21:28:32.914+0000] {processor.py:830} INFO - Processing file /opt/airflow/dags/prueba.py for tasks to queue
[2025-03-05T21:28:32.915+0000] {logging_mixin.py:188} INFO - [2025-03-05T21:28:32.915+0000] {dagbag.py:538} INFO - Filling up the DagBag from /opt/airflow/dags/prueba.py
[2025-03-05T21:28:32.955+0000] {processor.py:840} INFO - DAG(s) 'hola_mundo_dag' retrieved from /opt/airflow/dags/prueba.py
[2025-03-05T21:28:32.978+0000] {logging_mixin.py:188} INFO - [2025-03-05T21:28:32.977+0000] {dag.py:3036} INFO - Sync 1 DAGs
[2025-03-05T21:28:32.987+0000] {logging_mixin.py:188} INFO - [2025-03-05T21:28:32.987+0000] {dag.py:3823} INFO - Setting next_dagrun for hola_mundo_dag to None, run_after=None
[2025-03-05T21:28:33.026+0000] {processor.py:183} INFO - Processing /opt/airflow/dags/prueba.py took 0.116 seconds
[2025-03-05T21:29:03.994+0000] {processor.py:161} INFO - Started process (PID=273) to work on /opt/airflow/dags/prueba.py
[2025-03-05T21:29:03.996+0000] {processor.py:830} INFO - Processing file /opt/airflow/dags/prueba.py for tasks to queue
[2025-03-05T21:29:03.997+0000] {logging_mixin.py:188} INFO - [2025-03-05T21:29:03.997+0000] {dagbag.py:538} INFO - Filling up the DagBag from /opt/airflow/dags/prueba.py
[2025-03-05T21:29:04.036+0000] {processor.py:840} INFO - DAG(s) 'hola_mundo_dag' retrieved from /opt/airflow/dags/prueba.py
[2025-03-05T21:29:04.065+0000] {logging_mixin.py:188} INFO - [2025-03-05T21:29:04.065+0000] {dag.py:3036} INFO - Sync 1 DAGs
[2025-03-05T21:29:04.080+0000] {logging_mixin.py:188} INFO - [2025-03-05T21:29:04.080+0000] {dag.py:3823} INFO - Setting next_dagrun for hola_mundo_dag to None, run_after=None
[2025-03-05T21:29:04.121+0000] {processor.py:183} INFO - Processing /opt/airflow/dags/prueba.py took 0.131 seconds
[2025-03-05T21:29:34.566+0000] {processor.py:161} INFO - Started process (PID=283) to work on /opt/airflow/dags/prueba.py
[2025-03-05T21:29:34.568+0000] {processor.py:830} INFO - Processing file /opt/airflow/dags/prueba.py for tasks to queue
[2025-03-05T21:29:34.568+0000] {logging_mixin.py:188} INFO - [2025-03-05T21:29:34.568+0000] {dagbag.py:538} INFO - Filling up the DagBag from /opt/airflow/dags/prueba.py
[2025-03-05T21:29:34.589+0000] {processor.py:840} INFO - DAG(s) 'hola_mundo_dag' retrieved from /opt/airflow/dags/prueba.py
[2025-03-05T21:29:34.608+0000] {logging_mixin.py:188} INFO - [2025-03-05T21:29:34.607+0000] {dag.py:3036} INFO - Sync 1 DAGs
[2025-03-05T21:29:34.623+0000] {logging_mixin.py:188} INFO - [2025-03-05T21:29:34.622+0000] {dag.py:3823} INFO - Setting next_dagrun for hola_mundo_dag to None, run_after=None
[2025-03-05T21:29:34.655+0000] {processor.py:183} INFO - Processing /opt/airflow/dags/prueba.py took 0.091 seconds
[2025-03-05T21:30:05.043+0000] {processor.py:161} INFO - Started process (PID=293) to work on /opt/airflow/dags/prueba.py
[2025-03-05T21:30:05.044+0000] {processor.py:830} INFO - Processing file /opt/airflow/dags/prueba.py for tasks to queue
[2025-03-05T21:30:05.046+0000] {logging_mixin.py:188} INFO - [2025-03-05T21:30:05.046+0000] {dagbag.py:538} INFO - Filling up the DagBag from /opt/airflow/dags/prueba.py
[2025-03-05T21:30:05.089+0000] {processor.py:840} INFO - DAG(s) 'hola_mundo_dag' retrieved from /opt/airflow/dags/prueba.py
[2025-03-05T21:30:05.112+0000] {logging_mixin.py:188} INFO - [2025-03-05T21:30:05.112+0000] {dag.py:3036} INFO - Sync 1 DAGs
[2025-03-05T21:30:05.128+0000] {logging_mixin.py:188} INFO - [2025-03-05T21:30:05.128+0000] {dag.py:3823} INFO - Setting next_dagrun for hola_mundo_dag to None, run_after=None
[2025-03-05T21:30:05.162+0000] {processor.py:183} INFO - Processing /opt/airflow/dags/prueba.py took 0.122 seconds
[2025-03-05T21:30:35.402+0000] {processor.py:161} INFO - Started process (PID=303) to work on /opt/airflow/dags/prueba.py
[2025-03-05T21:30:35.404+0000] {processor.py:830} INFO - Processing file /opt/airflow/dags/prueba.py for tasks to queue
[2025-03-05T21:30:35.407+0000] {logging_mixin.py:188} INFO - [2025-03-05T21:30:35.406+0000] {dagbag.py:538} INFO - Filling up the DagBag from /opt/airflow/dags/prueba.py
[2025-03-05T21:30:35.460+0000] {processor.py:840} INFO - DAG(s) 'hola_mundo_dag' retrieved from /opt/airflow/dags/prueba.py
[2025-03-05T21:30:35.493+0000] {logging_mixin.py:188} INFO - [2025-03-05T21:30:35.493+0000] {dag.py:3036} INFO - Sync 1 DAGs
[2025-03-05T21:30:35.510+0000] {logging_mixin.py:188} INFO - [2025-03-05T21:30:35.510+0000] {dag.py:3823} INFO - Setting next_dagrun for hola_mundo_dag to None, run_after=None
[2025-03-05T21:30:35.542+0000] {processor.py:183} INFO - Processing /opt/airflow/dags/prueba.py took 0.146 seconds
[2025-03-05T21:31:05.869+0000] {processor.py:161} INFO - Started process (PID=313) to work on /opt/airflow/dags/prueba.py
[2025-03-05T21:31:05.871+0000] {processor.py:830} INFO - Processing file /opt/airflow/dags/prueba.py for tasks to queue
[2025-03-05T21:31:05.873+0000] {logging_mixin.py:188} INFO - [2025-03-05T21:31:05.872+0000] {dagbag.py:538} INFO - Filling up the DagBag from /opt/airflow/dags/prueba.py
[2025-03-05T21:31:05.917+0000] {processor.py:840} INFO - DAG(s) 'hola_mundo_dag' retrieved from /opt/airflow/dags/prueba.py
[2025-03-05T21:31:05.944+0000] {logging_mixin.py:188} INFO - [2025-03-05T21:31:05.944+0000] {dag.py:3036} INFO - Sync 1 DAGs
[2025-03-05T21:31:05.953+0000] {logging_mixin.py:188} INFO - [2025-03-05T21:31:05.952+0000] {dag.py:3823} INFO - Setting next_dagrun for hola_mundo_dag to None, run_after=None
[2025-03-05T21:31:05.993+0000] {processor.py:183} INFO - Processing /opt/airflow/dags/prueba.py took 0.127 seconds
[2025-03-05T21:31:36.131+0000] {processor.py:161} INFO - Started process (PID=323) to work on /opt/airflow/dags/prueba.py
[2025-03-05T21:31:36.132+0000] {processor.py:830} INFO - Processing file /opt/airflow/dags/prueba.py for tasks to queue
[2025-03-05T21:31:36.134+0000] {logging_mixin.py:188} INFO - [2025-03-05T21:31:36.133+0000] {dagbag.py:538} INFO - Filling up the DagBag from /opt/airflow/dags/prueba.py
[2025-03-05T21:31:36.180+0000] {processor.py:840} INFO - DAG(s) 'hola_mundo_dag' retrieved from /opt/airflow/dags/prueba.py
[2025-03-05T21:31:36.213+0000] {logging_mixin.py:188} INFO - [2025-03-05T21:31:36.212+0000] {dag.py:3036} INFO - Sync 1 DAGs
[2025-03-05T21:31:36.223+0000] {logging_mixin.py:188} INFO - [2025-03-05T21:31:36.222+0000] {dag.py:3823} INFO - Setting next_dagrun for hola_mundo_dag to None, run_after=None
[2025-03-05T21:31:36.270+0000] {processor.py:183} INFO - Processing /opt/airflow/dags/prueba.py took 0.143 seconds
[2025-03-05T21:32:07.120+0000] {processor.py:161} INFO - Started process (PID=333) to work on /opt/airflow/dags/prueba.py
[2025-03-05T21:32:07.122+0000] {processor.py:830} INFO - Processing file /opt/airflow/dags/prueba.py for tasks to queue
[2025-03-05T21:32:07.124+0000] {logging_mixin.py:188} INFO - [2025-03-05T21:32:07.124+0000] {dagbag.py:538} INFO - Filling up the DagBag from /opt/airflow/dags/prueba.py
[2025-03-05T21:32:07.182+0000] {processor.py:840} INFO - DAG(s) 'hola_mundo_dag' retrieved from /opt/airflow/dags/prueba.py
[2025-03-05T21:32:07.219+0000] {logging_mixin.py:188} INFO - [2025-03-05T21:32:07.219+0000] {dag.py:3036} INFO - Sync 1 DAGs
[2025-03-05T21:32:07.232+0000] {logging_mixin.py:188} INFO - [2025-03-05T21:32:07.232+0000] {dag.py:3823} INFO - Setting next_dagrun for hola_mundo_dag to None, run_after=None
[2025-03-05T21:32:07.266+0000] {processor.py:183} INFO - Processing /opt/airflow/dags/prueba.py took 0.151 seconds
[2025-03-05T21:32:37.558+0000] {processor.py:161} INFO - Started process (PID=343) to work on /opt/airflow/dags/prueba.py
[2025-03-05T21:32:37.560+0000] {processor.py:830} INFO - Processing file /opt/airflow/dags/prueba.py for tasks to queue
[2025-03-05T21:32:37.562+0000] {logging_mixin.py:188} INFO - [2025-03-05T21:32:37.562+0000] {dagbag.py:538} INFO - Filling up the DagBag from /opt/airflow/dags/prueba.py
[2025-03-05T21:32:37.608+0000] {processor.py:840} INFO - DAG(s) 'hola_mundo_dag' retrieved from /opt/airflow/dags/prueba.py
[2025-03-05T21:32:37.640+0000] {logging_mixin.py:188} INFO - [2025-03-05T21:32:37.639+0000] {dag.py:3036} INFO - Sync 1 DAGs
[2025-03-05T21:32:37.657+0000] {logging_mixin.py:188} INFO - [2025-03-05T21:32:37.657+0000] {dag.py:3823} INFO - Setting next_dagrun for hola_mundo_dag to None, run_after=None
[2025-03-05T21:32:37.685+0000] {processor.py:183} INFO - Processing /opt/airflow/dags/prueba.py took 0.131 seconds
[2025-03-05T21:33:08.604+0000] {processor.py:161} INFO - Started process (PID=353) to work on /opt/airflow/dags/prueba.py
[2025-03-05T21:33:08.606+0000] {processor.py:830} INFO - Processing file /opt/airflow/dags/prueba.py for tasks to queue
[2025-03-05T21:33:08.607+0000] {logging_mixin.py:188} INFO - [2025-03-05T21:33:08.607+0000] {dagbag.py:538} INFO - Filling up the DagBag from /opt/airflow/dags/prueba.py
[2025-03-05T21:33:08.672+0000] {processor.py:840} INFO - DAG(s) 'hola_mundo_dag' retrieved from /opt/airflow/dags/prueba.py
[2025-03-05T21:33:08.697+0000] {logging_mixin.py:188} INFO - [2025-03-05T21:33:08.697+0000] {dag.py:3036} INFO - Sync 1 DAGs
[2025-03-05T21:33:08.705+0000] {logging_mixin.py:188} INFO - [2025-03-05T21:33:08.705+0000] {dag.py:3823} INFO - Setting next_dagrun for hola_mundo_dag to None, run_after=None
[2025-03-05T21:33:08.731+0000] {processor.py:183} INFO - Processing /opt/airflow/dags/prueba.py took 0.129 seconds
[2025-03-05T21:33:39.755+0000] {processor.py:161} INFO - Started process (PID=363) to work on /opt/airflow/dags/prueba.py
[2025-03-05T21:33:39.758+0000] {processor.py:830} INFO - Processing file /opt/airflow/dags/prueba.py for tasks to queue
[2025-03-05T21:33:39.759+0000] {logging_mixin.py:188} INFO - [2025-03-05T21:33:39.759+0000] {dagbag.py:538} INFO - Filling up the DagBag from /opt/airflow/dags/prueba.py
[2025-03-05T21:33:39.805+0000] {processor.py:840} INFO - DAG(s) 'hola_mundo_dag' retrieved from /opt/airflow/dags/prueba.py
[2025-03-05T21:33:39.838+0000] {logging_mixin.py:188} INFO - [2025-03-05T21:33:39.838+0000] {dag.py:3036} INFO - Sync 1 DAGs
[2025-03-05T21:33:39.847+0000] {logging_mixin.py:188} INFO - [2025-03-05T21:33:39.847+0000] {dag.py:3823} INFO - Setting next_dagrun for hola_mundo_dag to None, run_after=None
[2025-03-05T21:33:39.885+0000] {processor.py:183} INFO - Processing /opt/airflow/dags/prueba.py took 0.132 seconds
[2025-03-05T21:34:10.263+0000] {processor.py:161} INFO - Started process (PID=373) to work on /opt/airflow/dags/prueba.py
[2025-03-05T21:34:10.264+0000] {processor.py:830} INFO - Processing file /opt/airflow/dags/prueba.py for tasks to queue
[2025-03-05T21:34:10.266+0000] {logging_mixin.py:188} INFO - [2025-03-05T21:34:10.265+0000] {dagbag.py:538} INFO - Filling up the DagBag from /opt/airflow/dags/prueba.py
[2025-03-05T21:34:10.307+0000] {processor.py:840} INFO - DAG(s) 'hola_mundo_dag' retrieved from /opt/airflow/dags/prueba.py
[2025-03-05T21:34:10.338+0000] {logging_mixin.py:188} INFO - [2025-03-05T21:34:10.337+0000] {dag.py:3036} INFO - Sync 1 DAGs
[2025-03-05T21:34:10.348+0000] {logging_mixin.py:188} INFO - [2025-03-05T21:34:10.347+0000] {dag.py:3823} INFO - Setting next_dagrun for hola_mundo_dag to None, run_after=None
[2025-03-05T21:34:10.391+0000] {processor.py:183} INFO - Processing /opt/airflow/dags/prueba.py took 0.131 seconds
[2025-03-05T21:34:41.065+0000] {processor.py:161} INFO - Started process (PID=383) to work on /opt/airflow/dags/prueba.py
[2025-03-05T21:34:41.066+0000] {processor.py:830} INFO - Processing file /opt/airflow/dags/prueba.py for tasks to queue
[2025-03-05T21:34:41.068+0000] {logging_mixin.py:188} INFO - [2025-03-05T21:34:41.068+0000] {dagbag.py:538} INFO - Filling up the DagBag from /opt/airflow/dags/prueba.py
[2025-03-05T21:34:41.118+0000] {processor.py:840} INFO - DAG(s) 'hola_mundo_dag' retrieved from /opt/airflow/dags/prueba.py
[2025-03-05T21:34:41.151+0000] {logging_mixin.py:188} INFO - [2025-03-05T21:34:41.150+0000] {dag.py:3036} INFO - Sync 1 DAGs
[2025-03-05T21:34:41.161+0000] {logging_mixin.py:188} INFO - [2025-03-05T21:34:41.161+0000] {dag.py:3823} INFO - Setting next_dagrun for hola_mundo_dag to None, run_after=None
[2025-03-05T21:34:41.186+0000] {processor.py:183} INFO - Processing /opt/airflow/dags/prueba.py took 0.127 seconds
[2025-03-05T21:35:11.891+0000] {processor.py:161} INFO - Started process (PID=393) to work on /opt/airflow/dags/prueba.py
[2025-03-05T21:35:11.893+0000] {processor.py:830} INFO - Processing file /opt/airflow/dags/prueba.py for tasks to queue
[2025-03-05T21:35:11.895+0000] {logging_mixin.py:188} INFO - [2025-03-05T21:35:11.894+0000] {dagbag.py:538} INFO - Filling up the DagBag from /opt/airflow/dags/prueba.py
[2025-03-05T21:35:11.949+0000] {processor.py:840} INFO - DAG(s) 'hola_mundo_dag' retrieved from /opt/airflow/dags/prueba.py
[2025-03-05T21:35:11.980+0000] {logging_mixin.py:188} INFO - [2025-03-05T21:35:11.980+0000] {dag.py:3036} INFO - Sync 1 DAGs
[2025-03-05T21:35:11.992+0000] {logging_mixin.py:188} INFO - [2025-03-05T21:35:11.991+0000] {dag.py:3823} INFO - Setting next_dagrun for hola_mundo_dag to None, run_after=None
[2025-03-05T21:35:12.018+0000] {processor.py:183} INFO - Processing /opt/airflow/dags/prueba.py took 0.131 seconds
[2025-03-05T21:35:42.134+0000] {processor.py:161} INFO - Started process (PID=403) to work on /opt/airflow/dags/prueba.py
[2025-03-05T21:35:42.135+0000] {processor.py:830} INFO - Processing file /opt/airflow/dags/prueba.py for tasks to queue
[2025-03-05T21:35:42.137+0000] {logging_mixin.py:188} INFO - [2025-03-05T21:35:42.137+0000] {dagbag.py:538} INFO - Filling up the DagBag from /opt/airflow/dags/prueba.py
[2025-03-05T21:35:42.185+0000] {processor.py:840} INFO - DAG(s) 'hola_mundo_dag' retrieved from /opt/airflow/dags/prueba.py
[2025-03-05T21:35:42.216+0000] {logging_mixin.py:188} INFO - [2025-03-05T21:35:42.216+0000] {dag.py:3036} INFO - Sync 1 DAGs
[2025-03-05T21:35:42.225+0000] {logging_mixin.py:188} INFO - [2025-03-05T21:35:42.225+0000] {dag.py:3823} INFO - Setting next_dagrun for hola_mundo_dag to None, run_after=None
[2025-03-05T21:35:42.262+0000] {processor.py:183} INFO - Processing /opt/airflow/dags/prueba.py took 0.133 seconds
[2025-03-05T21:36:13.295+0000] {processor.py:161} INFO - Started process (PID=413) to work on /opt/airflow/dags/prueba.py
[2025-03-05T21:36:13.296+0000] {processor.py:830} INFO - Processing file /opt/airflow/dags/prueba.py for tasks to queue
[2025-03-05T21:36:13.297+0000] {logging_mixin.py:188} INFO - [2025-03-05T21:36:13.297+0000] {dagbag.py:538} INFO - Filling up the DagBag from /opt/airflow/dags/prueba.py
[2025-03-05T21:36:13.320+0000] {processor.py:840} INFO - DAG(s) 'hola_mundo_dag' retrieved from /opt/airflow/dags/prueba.py
[2025-03-05T21:36:13.345+0000] {logging_mixin.py:188} INFO - [2025-03-05T21:36:13.345+0000] {dag.py:3036} INFO - Sync 1 DAGs
[2025-03-05T21:36:13.355+0000] {logging_mixin.py:188} INFO - [2025-03-05T21:36:13.354+0000] {dag.py:3823} INFO - Setting next_dagrun for hola_mundo_dag to None, run_after=None
[2025-03-05T21:36:13.396+0000] {processor.py:183} INFO - Processing /opt/airflow/dags/prueba.py took 0.104 seconds
[2025-03-05T21:36:43.546+0000] {processor.py:161} INFO - Started process (PID=423) to work on /opt/airflow/dags/prueba.py
[2025-03-05T21:36:43.547+0000] {processor.py:830} INFO - Processing file /opt/airflow/dags/prueba.py for tasks to queue
[2025-03-05T21:36:43.549+0000] {logging_mixin.py:188} INFO - [2025-03-05T21:36:43.549+0000] {dagbag.py:538} INFO - Filling up the DagBag from /opt/airflow/dags/prueba.py
[2025-03-05T21:36:43.578+0000] {processor.py:840} INFO - DAG(s) 'hola_mundo_dag' retrieved from /opt/airflow/dags/prueba.py
[2025-03-05T21:36:43.600+0000] {logging_mixin.py:188} INFO - [2025-03-05T21:36:43.600+0000] {dag.py:3036} INFO - Sync 1 DAGs
[2025-03-05T21:36:43.613+0000] {logging_mixin.py:188} INFO - [2025-03-05T21:36:43.612+0000] {dag.py:3823} INFO - Setting next_dagrun for hola_mundo_dag to None, run_after=None
[2025-03-05T21:36:43.642+0000] {processor.py:183} INFO - Processing /opt/airflow/dags/prueba.py took 0.098 seconds
[2025-03-05T21:37:14.327+0000] {processor.py:161} INFO - Started process (PID=433) to work on /opt/airflow/dags/prueba.py
[2025-03-05T21:37:14.329+0000] {processor.py:830} INFO - Processing file /opt/airflow/dags/prueba.py for tasks to queue
[2025-03-05T21:37:14.331+0000] {logging_mixin.py:188} INFO - [2025-03-05T21:37:14.331+0000] {dagbag.py:538} INFO - Filling up the DagBag from /opt/airflow/dags/prueba.py
[2025-03-05T21:37:14.385+0000] {processor.py:840} INFO - DAG(s) 'hola_mundo_dag' retrieved from /opt/airflow/dags/prueba.py
[2025-03-05T21:37:14.424+0000] {logging_mixin.py:188} INFO - [2025-03-05T21:37:14.422+0000] {dag.py:3036} INFO - Sync 1 DAGs
[2025-03-05T21:37:14.436+0000] {logging_mixin.py:188} INFO - [2025-03-05T21:37:14.435+0000] {dag.py:3823} INFO - Setting next_dagrun for hola_mundo_dag to None, run_after=None
[2025-03-05T21:37:14.479+0000] {processor.py:183} INFO - Processing /opt/airflow/dags/prueba.py took 0.155 seconds
[2025-03-05T21:37:45.202+0000] {processor.py:161} INFO - Started process (PID=443) to work on /opt/airflow/dags/prueba.py
[2025-03-05T21:37:45.204+0000] {processor.py:830} INFO - Processing file /opt/airflow/dags/prueba.py for tasks to queue
[2025-03-05T21:37:45.205+0000] {logging_mixin.py:188} INFO - [2025-03-05T21:37:45.205+0000] {dagbag.py:538} INFO - Filling up the DagBag from /opt/airflow/dags/prueba.py
[2025-03-05T21:37:45.244+0000] {processor.py:840} INFO - DAG(s) 'hola_mundo_dag' retrieved from /opt/airflow/dags/prueba.py
[2025-03-05T21:37:45.277+0000] {logging_mixin.py:188} INFO - [2025-03-05T21:37:45.277+0000] {dag.py:3036} INFO - Sync 1 DAGs
[2025-03-05T21:37:45.295+0000] {logging_mixin.py:188} INFO - [2025-03-05T21:37:45.295+0000] {dag.py:3823} INFO - Setting next_dagrun for hola_mundo_dag to None, run_after=None
[2025-03-05T21:37:45.330+0000] {processor.py:183} INFO - Processing /opt/airflow/dags/prueba.py took 0.131 seconds
[2025-03-05T21:38:15.938+0000] {processor.py:161} INFO - Started process (PID=453) to work on /opt/airflow/dags/prueba.py
[2025-03-05T21:38:15.940+0000] {processor.py:830} INFO - Processing file /opt/airflow/dags/prueba.py for tasks to queue
[2025-03-05T21:38:15.942+0000] {logging_mixin.py:188} INFO - [2025-03-05T21:38:15.942+0000] {dagbag.py:538} INFO - Filling up the DagBag from /opt/airflow/dags/prueba.py
[2025-03-05T21:38:15.991+0000] {processor.py:840} INFO - DAG(s) 'hola_mundo_dag' retrieved from /opt/airflow/dags/prueba.py
[2025-03-05T21:38:16.021+0000] {logging_mixin.py:188} INFO - [2025-03-05T21:38:16.020+0000] {dag.py:3036} INFO - Sync 1 DAGs
[2025-03-05T21:38:16.032+0000] {logging_mixin.py:188} INFO - [2025-03-05T21:38:16.031+0000] {dag.py:3823} INFO - Setting next_dagrun for hola_mundo_dag to None, run_after=None
[2025-03-05T21:38:16.074+0000] {processor.py:183} INFO - Processing /opt/airflow/dags/prueba.py took 0.140 seconds
[2025-03-05T21:38:46.846+0000] {processor.py:161} INFO - Started process (PID=463) to work on /opt/airflow/dags/prueba.py
[2025-03-05T21:38:46.848+0000] {processor.py:830} INFO - Processing file /opt/airflow/dags/prueba.py for tasks to queue
[2025-03-05T21:38:46.850+0000] {logging_mixin.py:188} INFO - [2025-03-05T21:38:46.850+0000] {dagbag.py:538} INFO - Filling up the DagBag from /opt/airflow/dags/prueba.py
[2025-03-05T21:38:46.896+0000] {processor.py:840} INFO - DAG(s) 'hola_mundo_dag' retrieved from /opt/airflow/dags/prueba.py
[2025-03-05T21:38:46.942+0000] {logging_mixin.py:188} INFO - [2025-03-05T21:38:46.941+0000] {dag.py:3036} INFO - Sync 1 DAGs
[2025-03-05T21:38:46.963+0000] {logging_mixin.py:188} INFO - [2025-03-05T21:38:46.962+0000] {dag.py:3823} INFO - Setting next_dagrun for hola_mundo_dag to None, run_after=None
[2025-03-05T21:38:47.010+0000] {processor.py:183} INFO - Processing /opt/airflow/dags/prueba.py took 0.168 seconds
[2025-03-05T21:39:17.629+0000] {processor.py:161} INFO - Started process (PID=473) to work on /opt/airflow/dags/prueba.py
[2025-03-05T21:39:17.631+0000] {processor.py:830} INFO - Processing file /opt/airflow/dags/prueba.py for tasks to queue
[2025-03-05T21:39:17.633+0000] {logging_mixin.py:188} INFO - [2025-03-05T21:39:17.633+0000] {dagbag.py:538} INFO - Filling up the DagBag from /opt/airflow/dags/prueba.py
[2025-03-05T21:39:17.677+0000] {processor.py:840} INFO - DAG(s) 'hola_mundo_dag' retrieved from /opt/airflow/dags/prueba.py
[2025-03-05T21:39:17.707+0000] {logging_mixin.py:188} INFO - [2025-03-05T21:39:17.707+0000] {dag.py:3036} INFO - Sync 1 DAGs
[2025-03-05T21:39:17.717+0000] {logging_mixin.py:188} INFO - [2025-03-05T21:39:17.717+0000] {dag.py:3823} INFO - Setting next_dagrun for hola_mundo_dag to None, run_after=None
[2025-03-05T21:39:17.745+0000] {processor.py:183} INFO - Processing /opt/airflow/dags/prueba.py took 0.118 seconds
[2025-03-05T21:39:48.623+0000] {processor.py:161} INFO - Started process (PID=483) to work on /opt/airflow/dags/prueba.py
[2025-03-05T21:39:48.625+0000] {processor.py:830} INFO - Processing file /opt/airflow/dags/prueba.py for tasks to queue
[2025-03-05T21:39:48.627+0000] {logging_mixin.py:188} INFO - [2025-03-05T21:39:48.627+0000] {dagbag.py:538} INFO - Filling up the DagBag from /opt/airflow/dags/prueba.py
[2025-03-05T21:39:48.660+0000] {processor.py:840} INFO - DAG(s) 'hola_mundo_dag' retrieved from /opt/airflow/dags/prueba.py
[2025-03-05T21:39:48.707+0000] {logging_mixin.py:188} INFO - [2025-03-05T21:39:48.707+0000] {dag.py:3036} INFO - Sync 1 DAGs
[2025-03-05T21:39:48.721+0000] {logging_mixin.py:188} INFO - [2025-03-05T21:39:48.720+0000] {dag.py:3823} INFO - Setting next_dagrun for hola_mundo_dag to None, run_after=None
[2025-03-05T21:39:48.760+0000] {processor.py:183} INFO - Processing /opt/airflow/dags/prueba.py took 0.139 seconds
[2025-03-05T21:40:19.601+0000] {processor.py:161} INFO - Started process (PID=493) to work on /opt/airflow/dags/prueba.py
[2025-03-05T21:40:19.603+0000] {processor.py:830} INFO - Processing file /opt/airflow/dags/prueba.py for tasks to queue
[2025-03-05T21:40:19.605+0000] {logging_mixin.py:188} INFO - [2025-03-05T21:40:19.604+0000] {dagbag.py:538} INFO - Filling up the DagBag from /opt/airflow/dags/prueba.py
[2025-03-05T21:40:19.656+0000] {processor.py:840} INFO - DAG(s) 'hola_mundo_dag' retrieved from /opt/airflow/dags/prueba.py
[2025-03-05T21:40:19.687+0000] {logging_mixin.py:188} INFO - [2025-03-05T21:40:19.687+0000] {dag.py:3036} INFO - Sync 1 DAGs
[2025-03-05T21:40:19.703+0000] {logging_mixin.py:188} INFO - [2025-03-05T21:40:19.703+0000] {dag.py:3823} INFO - Setting next_dagrun for hola_mundo_dag to None, run_after=None
[2025-03-05T21:40:19.734+0000] {processor.py:183} INFO - Processing /opt/airflow/dags/prueba.py took 0.137 seconds
[2025-03-05T21:40:50.463+0000] {processor.py:161} INFO - Started process (PID=503) to work on /opt/airflow/dags/prueba.py
[2025-03-05T21:40:50.465+0000] {processor.py:830} INFO - Processing file /opt/airflow/dags/prueba.py for tasks to queue
[2025-03-05T21:40:50.467+0000] {logging_mixin.py:188} INFO - [2025-03-05T21:40:50.467+0000] {dagbag.py:538} INFO - Filling up the DagBag from /opt/airflow/dags/prueba.py
[2025-03-05T21:40:50.497+0000] {processor.py:840} INFO - DAG(s) 'hola_mundo_dag' retrieved from /opt/airflow/dags/prueba.py
[2025-03-05T21:40:50.521+0000] {logging_mixin.py:188} INFO - [2025-03-05T21:40:50.521+0000] {dag.py:3036} INFO - Sync 1 DAGs
[2025-03-05T21:40:50.530+0000] {logging_mixin.py:188} INFO - [2025-03-05T21:40:50.530+0000] {dag.py:3823} INFO - Setting next_dagrun for hola_mundo_dag to None, run_after=None
[2025-03-05T21:40:50.568+0000] {processor.py:183} INFO - Processing /opt/airflow/dags/prueba.py took 0.109 seconds
[2025-03-05T21:41:21.305+0000] {processor.py:161} INFO - Started process (PID=513) to work on /opt/airflow/dags/prueba.py
[2025-03-05T21:41:21.307+0000] {processor.py:830} INFO - Processing file /opt/airflow/dags/prueba.py for tasks to queue
[2025-03-05T21:41:21.309+0000] {logging_mixin.py:188} INFO - [2025-03-05T21:41:21.308+0000] {dagbag.py:538} INFO - Filling up the DagBag from /opt/airflow/dags/prueba.py
[2025-03-05T21:41:21.362+0000] {processor.py:840} INFO - DAG(s) 'hola_mundo_dag' retrieved from /opt/airflow/dags/prueba.py
[2025-03-05T21:41:21.403+0000] {logging_mixin.py:188} INFO - [2025-03-05T21:41:21.403+0000] {dag.py:3036} INFO - Sync 1 DAGs
[2025-03-05T21:41:21.428+0000] {logging_mixin.py:188} INFO - [2025-03-05T21:41:21.428+0000] {dag.py:3823} INFO - Setting next_dagrun for hola_mundo_dag to None, run_after=None
[2025-03-05T21:41:21.478+0000] {processor.py:183} INFO - Processing /opt/airflow/dags/prueba.py took 0.179 seconds
[2025-03-05T21:41:52.463+0000] {processor.py:161} INFO - Started process (PID=523) to work on /opt/airflow/dags/prueba.py
[2025-03-05T21:41:52.465+0000] {processor.py:830} INFO - Processing file /opt/airflow/dags/prueba.py for tasks to queue
[2025-03-05T21:41:52.466+0000] {logging_mixin.py:188} INFO - [2025-03-05T21:41:52.466+0000] {dagbag.py:538} INFO - Filling up the DagBag from /opt/airflow/dags/prueba.py
[2025-03-05T21:41:52.515+0000] {processor.py:840} INFO - DAG(s) 'hola_mundo_dag' retrieved from /opt/airflow/dags/prueba.py
[2025-03-05T21:41:52.548+0000] {logging_mixin.py:188} INFO - [2025-03-05T21:41:52.548+0000] {dag.py:3036} INFO - Sync 1 DAGs
[2025-03-05T21:41:52.560+0000] {logging_mixin.py:188} INFO - [2025-03-05T21:41:52.560+0000] {dag.py:3823} INFO - Setting next_dagrun for hola_mundo_dag to None, run_after=None
[2025-03-05T21:41:52.604+0000] {processor.py:183} INFO - Processing /opt/airflow/dags/prueba.py took 0.146 seconds
[2025-03-05T21:42:22.752+0000] {processor.py:161} INFO - Started process (PID=533) to work on /opt/airflow/dags/prueba.py
[2025-03-05T21:42:22.754+0000] {processor.py:830} INFO - Processing file /opt/airflow/dags/prueba.py for tasks to queue
[2025-03-05T21:42:22.756+0000] {logging_mixin.py:188} INFO - [2025-03-05T21:42:22.755+0000] {dagbag.py:538} INFO - Filling up the DagBag from /opt/airflow/dags/prueba.py
[2025-03-05T21:42:22.811+0000] {processor.py:840} INFO - DAG(s) 'hola_mundo_dag' retrieved from /opt/airflow/dags/prueba.py
[2025-03-05T21:42:22.846+0000] {logging_mixin.py:188} INFO - [2025-03-05T21:42:22.846+0000] {dag.py:3036} INFO - Sync 1 DAGs
[2025-03-05T21:42:22.859+0000] {logging_mixin.py:188} INFO - [2025-03-05T21:42:22.859+0000] {dag.py:3823} INFO - Setting next_dagrun for hola_mundo_dag to None, run_after=None
[2025-03-05T21:42:22.895+0000] {processor.py:183} INFO - Processing /opt/airflow/dags/prueba.py took 0.146 seconds
[2025-03-05T21:42:53.256+0000] {processor.py:161} INFO - Started process (PID=543) to work on /opt/airflow/dags/prueba.py
[2025-03-05T21:42:53.258+0000] {processor.py:830} INFO - Processing file /opt/airflow/dags/prueba.py for tasks to queue
[2025-03-05T21:42:53.259+0000] {logging_mixin.py:188} INFO - [2025-03-05T21:42:53.259+0000] {dagbag.py:538} INFO - Filling up the DagBag from /opt/airflow/dags/prueba.py
[2025-03-05T21:42:53.302+0000] {processor.py:840} INFO - DAG(s) 'hola_mundo_dag' retrieved from /opt/airflow/dags/prueba.py
[2025-03-05T21:42:53.332+0000] {logging_mixin.py:188} INFO - [2025-03-05T21:42:53.331+0000] {dag.py:3036} INFO - Sync 1 DAGs
[2025-03-05T21:42:53.343+0000] {logging_mixin.py:188} INFO - [2025-03-05T21:42:53.343+0000] {dag.py:3823} INFO - Setting next_dagrun for hola_mundo_dag to None, run_after=None
[2025-03-05T21:42:53.385+0000] {processor.py:183} INFO - Processing /opt/airflow/dags/prueba.py took 0.131 seconds
[2025-03-05T21:43:24.237+0000] {processor.py:161} INFO - Started process (PID=553) to work on /opt/airflow/dags/prueba.py
[2025-03-05T21:43:24.239+0000] {processor.py:830} INFO - Processing file /opt/airflow/dags/prueba.py for tasks to queue
[2025-03-05T21:43:24.241+0000] {logging_mixin.py:188} INFO - [2025-03-05T21:43:24.241+0000] {dagbag.py:538} INFO - Filling up the DagBag from /opt/airflow/dags/prueba.py
[2025-03-05T21:43:24.290+0000] {processor.py:840} INFO - DAG(s) 'hola_mundo_dag' retrieved from /opt/airflow/dags/prueba.py
[2025-03-05T21:43:24.322+0000] {logging_mixin.py:188} INFO - [2025-03-05T21:43:24.321+0000] {dag.py:3036} INFO - Sync 1 DAGs
[2025-03-05T21:43:24.331+0000] {logging_mixin.py:188} INFO - [2025-03-05T21:43:24.331+0000] {dag.py:3823} INFO - Setting next_dagrun for hola_mundo_dag to None, run_after=None
[2025-03-05T21:43:24.364+0000] {processor.py:183} INFO - Processing /opt/airflow/dags/prueba.py took 0.130 seconds
[2025-03-05T21:43:54.458+0000] {processor.py:161} INFO - Started process (PID=563) to work on /opt/airflow/dags/prueba.py
[2025-03-05T21:43:54.460+0000] {processor.py:830} INFO - Processing file /opt/airflow/dags/prueba.py for tasks to queue
[2025-03-05T21:43:54.462+0000] {logging_mixin.py:188} INFO - [2025-03-05T21:43:54.462+0000] {dagbag.py:538} INFO - Filling up the DagBag from /opt/airflow/dags/prueba.py
[2025-03-05T21:43:54.508+0000] {processor.py:840} INFO - DAG(s) 'hola_mundo_dag' retrieved from /opt/airflow/dags/prueba.py
[2025-03-05T21:43:54.556+0000] {logging_mixin.py:188} INFO - [2025-03-05T21:43:54.556+0000] {dag.py:3036} INFO - Sync 1 DAGs
[2025-03-05T21:43:54.566+0000] {logging_mixin.py:188} INFO - [2025-03-05T21:43:54.566+0000] {dag.py:3823} INFO - Setting next_dagrun for hola_mundo_dag to None, run_after=None
[2025-03-05T21:43:54.588+0000] {processor.py:183} INFO - Processing /opt/airflow/dags/prueba.py took 0.135 seconds
[2025-03-05T21:44:25.674+0000] {processor.py:161} INFO - Started process (PID=573) to work on /opt/airflow/dags/prueba.py
[2025-03-05T21:44:25.675+0000] {processor.py:830} INFO - Processing file /opt/airflow/dags/prueba.py for tasks to queue
[2025-03-05T21:44:25.677+0000] {logging_mixin.py:188} INFO - [2025-03-05T21:44:25.677+0000] {dagbag.py:538} INFO - Filling up the DagBag from /opt/airflow/dags/prueba.py
[2025-03-05T21:44:25.728+0000] {processor.py:840} INFO - DAG(s) 'hola_mundo_dag' retrieved from /opt/airflow/dags/prueba.py
[2025-03-05T21:44:25.764+0000] {logging_mixin.py:188} INFO - [2025-03-05T21:44:25.764+0000] {dag.py:3036} INFO - Sync 1 DAGs
[2025-03-05T21:44:25.778+0000] {logging_mixin.py:188} INFO - [2025-03-05T21:44:25.777+0000] {dag.py:3823} INFO - Setting next_dagrun for hola_mundo_dag to None, run_after=None
[2025-03-05T21:44:25.810+0000] {processor.py:183} INFO - Processing /opt/airflow/dags/prueba.py took 0.140 seconds
[2025-03-05T21:44:56.878+0000] {processor.py:161} INFO - Started process (PID=583) to work on /opt/airflow/dags/prueba.py
[2025-03-05T21:44:56.880+0000] {processor.py:830} INFO - Processing file /opt/airflow/dags/prueba.py for tasks to queue
[2025-03-05T21:44:56.883+0000] {logging_mixin.py:188} INFO - [2025-03-05T21:44:56.882+0000] {dagbag.py:538} INFO - Filling up the DagBag from /opt/airflow/dags/prueba.py
[2025-03-05T21:44:56.909+0000] {processor.py:840} INFO - DAG(s) 'hola_mundo_dag' retrieved from /opt/airflow/dags/prueba.py
[2025-03-05T21:44:56.935+0000] {logging_mixin.py:188} INFO - [2025-03-05T21:44:56.934+0000] {dag.py:3036} INFO - Sync 1 DAGs
[2025-03-05T21:44:56.951+0000] {logging_mixin.py:188} INFO - [2025-03-05T21:44:56.951+0000] {dag.py:3823} INFO - Setting next_dagrun for hola_mundo_dag to None, run_after=None
[2025-03-05T21:44:56.984+0000] {processor.py:183} INFO - Processing /opt/airflow/dags/prueba.py took 0.109 seconds
[2025-03-05T21:45:27.113+0000] {processor.py:161} INFO - Started process (PID=593) to work on /opt/airflow/dags/prueba.py
[2025-03-05T21:45:27.115+0000] {processor.py:830} INFO - Processing file /opt/airflow/dags/prueba.py for tasks to queue
[2025-03-05T21:45:27.117+0000] {logging_mixin.py:188} INFO - [2025-03-05T21:45:27.116+0000] {dagbag.py:538} INFO - Filling up the DagBag from /opt/airflow/dags/prueba.py
[2025-03-05T21:45:27.168+0000] {processor.py:840} INFO - DAG(s) 'hola_mundo_dag' retrieved from /opt/airflow/dags/prueba.py
[2025-03-05T21:45:27.201+0000] {logging_mixin.py:188} INFO - [2025-03-05T21:45:27.200+0000] {dag.py:3036} INFO - Sync 1 DAGs
[2025-03-05T21:45:27.217+0000] {logging_mixin.py:188} INFO - [2025-03-05T21:45:27.216+0000] {dag.py:3823} INFO - Setting next_dagrun for hola_mundo_dag to None, run_after=None
[2025-03-05T21:45:27.247+0000] {processor.py:183} INFO - Processing /opt/airflow/dags/prueba.py took 0.138 seconds
[2025-03-05T21:45:58.187+0000] {processor.py:161} INFO - Started process (PID=603) to work on /opt/airflow/dags/prueba.py
[2025-03-05T21:45:58.189+0000] {processor.py:830} INFO - Processing file /opt/airflow/dags/prueba.py for tasks to queue
[2025-03-05T21:45:58.190+0000] {logging_mixin.py:188} INFO - [2025-03-05T21:45:58.190+0000] {dagbag.py:538} INFO - Filling up the DagBag from /opt/airflow/dags/prueba.py
[2025-03-05T21:45:58.225+0000] {processor.py:840} INFO - DAG(s) 'hola_mundo_dag' retrieved from /opt/airflow/dags/prueba.py
[2025-03-05T21:45:58.256+0000] {logging_mixin.py:188} INFO - [2025-03-05T21:45:58.256+0000] {dag.py:3036} INFO - Sync 1 DAGs
[2025-03-05T21:45:58.274+0000] {logging_mixin.py:188} INFO - [2025-03-05T21:45:58.273+0000] {dag.py:3823} INFO - Setting next_dagrun for hola_mundo_dag to None, run_after=None
[2025-03-05T21:45:58.322+0000] {processor.py:183} INFO - Processing /opt/airflow/dags/prueba.py took 0.138 seconds
[2025-03-05T21:46:29.085+0000] {processor.py:161} INFO - Started process (PID=613) to work on /opt/airflow/dags/prueba.py
[2025-03-05T21:46:29.087+0000] {processor.py:830} INFO - Processing file /opt/airflow/dags/prueba.py for tasks to queue
[2025-03-05T21:46:29.089+0000] {logging_mixin.py:188} INFO - [2025-03-05T21:46:29.088+0000] {dagbag.py:538} INFO - Filling up the DagBag from /opt/airflow/dags/prueba.py
[2025-03-05T21:46:29.142+0000] {processor.py:840} INFO - DAG(s) 'hola_mundo_dag' retrieved from /opt/airflow/dags/prueba.py
[2025-03-05T21:46:29.172+0000] {logging_mixin.py:188} INFO - [2025-03-05T21:46:29.172+0000] {dag.py:3036} INFO - Sync 1 DAGs
[2025-03-05T21:46:29.181+0000] {logging_mixin.py:188} INFO - [2025-03-05T21:46:29.181+0000] {dag.py:3823} INFO - Setting next_dagrun for hola_mundo_dag to None, run_after=None
[2025-03-05T21:46:29.206+0000] {processor.py:183} INFO - Processing /opt/airflow/dags/prueba.py took 0.125 seconds
[2025-03-05T21:46:59.994+0000] {processor.py:161} INFO - Started process (PID=623) to work on /opt/airflow/dags/prueba.py
[2025-03-05T21:46:59.996+0000] {processor.py:830} INFO - Processing file /opt/airflow/dags/prueba.py for tasks to queue
[2025-03-05T21:46:59.998+0000] {logging_mixin.py:188} INFO - [2025-03-05T21:46:59.997+0000] {dagbag.py:538} INFO - Filling up the DagBag from /opt/airflow/dags/prueba.py
[2025-03-05T21:47:00.050+0000] {processor.py:840} INFO - DAG(s) 'hola_mundo_dag' retrieved from /opt/airflow/dags/prueba.py
[2025-03-05T21:47:00.085+0000] {logging_mixin.py:188} INFO - [2025-03-05T21:47:00.084+0000] {dag.py:3036} INFO - Sync 1 DAGs
[2025-03-05T21:47:00.095+0000] {logging_mixin.py:188} INFO - [2025-03-05T21:47:00.094+0000] {dag.py:3823} INFO - Setting next_dagrun for hola_mundo_dag to None, run_after=None
[2025-03-05T21:47:00.134+0000] {processor.py:183} INFO - Processing /opt/airflow/dags/prueba.py took 0.144 seconds
[2025-03-05T21:47:31.136+0000] {processor.py:161} INFO - Started process (PID=633) to work on /opt/airflow/dags/prueba.py
[2025-03-05T21:47:31.138+0000] {processor.py:830} INFO - Processing file /opt/airflow/dags/prueba.py for tasks to queue
[2025-03-05T21:47:31.140+0000] {logging_mixin.py:188} INFO - [2025-03-05T21:47:31.139+0000] {dagbag.py:538} INFO - Filling up the DagBag from /opt/airflow/dags/prueba.py
[2025-03-05T21:47:31.194+0000] {processor.py:840} INFO - DAG(s) 'hola_mundo_dag' retrieved from /opt/airflow/dags/prueba.py
[2025-03-05T21:47:31.228+0000] {logging_mixin.py:188} INFO - [2025-03-05T21:47:31.228+0000] {dag.py:3036} INFO - Sync 1 DAGs
[2025-03-05T21:47:31.244+0000] {logging_mixin.py:188} INFO - [2025-03-05T21:47:31.244+0000] {dag.py:3823} INFO - Setting next_dagrun for hola_mundo_dag to None, run_after=None
[2025-03-05T21:47:31.279+0000] {processor.py:183} INFO - Processing /opt/airflow/dags/prueba.py took 0.146 seconds
[2025-03-05T22:18:46.415+0000] {processor.py:161} INFO - Started process (PID=180) to work on /opt/airflow/dags/prueba.py
[2025-03-05T22:18:46.418+0000] {processor.py:830} INFO - Processing file /opt/airflow/dags/prueba.py for tasks to queue
[2025-03-05T22:18:46.422+0000] {logging_mixin.py:188} INFO - [2025-03-05T22:18:46.421+0000] {dagbag.py:538} INFO - Filling up the DagBag from /opt/airflow/dags/prueba.py
[2025-03-05T22:18:46.470+0000] {processor.py:840} INFO - DAG(s) 'hola_mundo_dag' retrieved from /opt/airflow/dags/prueba.py
[2025-03-05T22:18:46.698+0000] {logging_mixin.py:188} INFO - [2025-03-05T22:18:46.698+0000] {dag.py:3036} INFO - Sync 1 DAGs
[2025-03-05T22:18:46.713+0000] {logging_mixin.py:188} INFO - [2025-03-05T22:18:46.713+0000] {dag.py:3823} INFO - Setting next_dagrun for hola_mundo_dag to None, run_after=None
[2025-03-05T22:18:46.751+0000] {processor.py:183} INFO - Processing /opt/airflow/dags/prueba.py took 0.343 seconds
[2025-03-05T22:19:17.389+0000] {processor.py:161} INFO - Started process (PID=190) to work on /opt/airflow/dags/prueba.py
[2025-03-05T22:19:17.391+0000] {processor.py:830} INFO - Processing file /opt/airflow/dags/prueba.py for tasks to queue
[2025-03-05T22:19:17.394+0000] {logging_mixin.py:188} INFO - [2025-03-05T22:19:17.393+0000] {dagbag.py:538} INFO - Filling up the DagBag from /opt/airflow/dags/prueba.py
[2025-03-05T22:19:17.443+0000] {processor.py:840} INFO - DAG(s) 'hola_mundo_dag' retrieved from /opt/airflow/dags/prueba.py
[2025-03-05T22:19:17.475+0000] {logging_mixin.py:188} INFO - [2025-03-05T22:19:17.475+0000] {dag.py:3036} INFO - Sync 1 DAGs
[2025-03-05T22:19:17.485+0000] {logging_mixin.py:188} INFO - [2025-03-05T22:19:17.485+0000] {dag.py:3823} INFO - Setting next_dagrun for hola_mundo_dag to None, run_after=None
[2025-03-05T22:19:17.516+0000] {processor.py:183} INFO - Processing /opt/airflow/dags/prueba.py took 0.133 seconds
[2025-03-05T22:19:48.095+0000] {processor.py:161} INFO - Started process (PID=206) to work on /opt/airflow/dags/prueba.py
[2025-03-05T22:19:48.097+0000] {processor.py:830} INFO - Processing file /opt/airflow/dags/prueba.py for tasks to queue
[2025-03-05T22:19:48.098+0000] {logging_mixin.py:188} INFO - [2025-03-05T22:19:48.098+0000] {dagbag.py:538} INFO - Filling up the DagBag from /opt/airflow/dags/prueba.py
[2025-03-05T22:19:48.131+0000] {processor.py:840} INFO - DAG(s) 'hola_mundo_dag' retrieved from /opt/airflow/dags/prueba.py
[2025-03-05T22:19:48.155+0000] {logging_mixin.py:188} INFO - [2025-03-05T22:19:48.154+0000] {dag.py:3036} INFO - Sync 1 DAGs
[2025-03-05T22:19:48.165+0000] {logging_mixin.py:188} INFO - [2025-03-05T22:19:48.165+0000] {dag.py:3823} INFO - Setting next_dagrun for hola_mundo_dag to None, run_after=None
[2025-03-05T22:19:48.200+0000] {processor.py:183} INFO - Processing /opt/airflow/dags/prueba.py took 0.108 seconds
[2025-03-05T22:20:18.662+0000] {processor.py:161} INFO - Started process (PID=216) to work on /opt/airflow/dags/prueba.py
[2025-03-05T22:20:18.664+0000] {processor.py:830} INFO - Processing file /opt/airflow/dags/prueba.py for tasks to queue
[2025-03-05T22:20:18.666+0000] {logging_mixin.py:188} INFO - [2025-03-05T22:20:18.666+0000] {dagbag.py:538} INFO - Filling up the DagBag from /opt/airflow/dags/prueba.py
[2025-03-05T22:20:18.724+0000] {processor.py:840} INFO - DAG(s) 'hola_mundo_dag' retrieved from /opt/airflow/dags/prueba.py
[2025-03-05T22:20:18.774+0000] {logging_mixin.py:188} INFO - [2025-03-05T22:20:18.774+0000] {dag.py:3036} INFO - Sync 1 DAGs
[2025-03-05T22:20:18.785+0000] {logging_mixin.py:188} INFO - [2025-03-05T22:20:18.785+0000] {dag.py:3823} INFO - Setting next_dagrun for hola_mundo_dag to None, run_after=None
[2025-03-05T22:20:18.811+0000] {processor.py:183} INFO - Processing /opt/airflow/dags/prueba.py took 0.152 seconds
[2025-03-05T22:20:49.391+0000] {processor.py:161} INFO - Started process (PID=228) to work on /opt/airflow/dags/prueba.py
[2025-03-05T22:20:49.393+0000] {processor.py:830} INFO - Processing file /opt/airflow/dags/prueba.py for tasks to queue
[2025-03-05T22:20:49.394+0000] {logging_mixin.py:188} INFO - [2025-03-05T22:20:49.394+0000] {dagbag.py:538} INFO - Filling up the DagBag from /opt/airflow/dags/prueba.py
[2025-03-05T22:20:49.447+0000] {processor.py:840} INFO - DAG(s) 'hola_mundo_dag' retrieved from /opt/airflow/dags/prueba.py
[2025-03-05T22:20:49.474+0000] {logging_mixin.py:188} INFO - [2025-03-05T22:20:49.473+0000] {dag.py:3036} INFO - Sync 1 DAGs
[2025-03-05T22:20:49.489+0000] {logging_mixin.py:188} INFO - [2025-03-05T22:20:49.488+0000] {dag.py:3823} INFO - Setting next_dagrun for hola_mundo_dag to None, run_after=None
[2025-03-05T22:20:49.532+0000] {processor.py:183} INFO - Processing /opt/airflow/dags/prueba.py took 0.145 seconds
[2025-03-05T22:21:19.768+0000] {processor.py:161} INFO - Started process (PID=244) to work on /opt/airflow/dags/prueba.py
[2025-03-05T22:21:19.770+0000] {processor.py:830} INFO - Processing file /opt/airflow/dags/prueba.py for tasks to queue
[2025-03-05T22:21:19.772+0000] {logging_mixin.py:188} INFO - [2025-03-05T22:21:19.772+0000] {dagbag.py:538} INFO - Filling up the DagBag from /opt/airflow/dags/prueba.py
[2025-03-05T22:21:19.823+0000] {processor.py:840} INFO - DAG(s) 'hola_mundo_dag' retrieved from /opt/airflow/dags/prueba.py
[2025-03-05T22:21:19.870+0000] {logging_mixin.py:188} INFO - [2025-03-05T22:21:19.869+0000] {dag.py:3036} INFO - Sync 1 DAGs
[2025-03-05T22:21:19.880+0000] {logging_mixin.py:188} INFO - [2025-03-05T22:21:19.880+0000] {dag.py:3823} INFO - Setting next_dagrun for hola_mundo_dag to None, run_after=None
[2025-03-05T22:21:19.922+0000] {processor.py:183} INFO - Processing /opt/airflow/dags/prueba.py took 0.158 seconds
[2025-03-05T22:21:50.956+0000] {processor.py:161} INFO - Started process (PID=254) to work on /opt/airflow/dags/prueba.py
[2025-03-05T22:21:50.958+0000] {processor.py:830} INFO - Processing file /opt/airflow/dags/prueba.py for tasks to queue
[2025-03-05T22:21:50.959+0000] {logging_mixin.py:188} INFO - [2025-03-05T22:21:50.959+0000] {dagbag.py:538} INFO - Filling up the DagBag from /opt/airflow/dags/prueba.py
[2025-03-05T22:21:51.006+0000] {processor.py:840} INFO - DAG(s) 'hola_mundo_dag' retrieved from /opt/airflow/dags/prueba.py
[2025-03-05T22:21:51.042+0000] {logging_mixin.py:188} INFO - [2025-03-05T22:21:51.042+0000] {dag.py:3036} INFO - Sync 1 DAGs
[2025-03-05T22:21:51.060+0000] {logging_mixin.py:188} INFO - [2025-03-05T22:21:51.059+0000] {dag.py:3823} INFO - Setting next_dagrun for hola_mundo_dag to None, run_after=None
[2025-03-05T22:21:51.109+0000] {processor.py:183} INFO - Processing /opt/airflow/dags/prueba.py took 0.157 seconds
[2025-03-05T22:22:22.172+0000] {processor.py:161} INFO - Started process (PID=264) to work on /opt/airflow/dags/prueba.py
[2025-03-05T22:22:22.175+0000] {processor.py:830} INFO - Processing file /opt/airflow/dags/prueba.py for tasks to queue
[2025-03-05T22:22:22.177+0000] {logging_mixin.py:188} INFO - [2025-03-05T22:22:22.177+0000] {dagbag.py:538} INFO - Filling up the DagBag from /opt/airflow/dags/prueba.py
[2025-03-05T22:22:22.236+0000] {processor.py:840} INFO - DAG(s) 'hola_mundo_dag' retrieved from /opt/airflow/dags/prueba.py
[2025-03-05T22:22:22.276+0000] {logging_mixin.py:188} INFO - [2025-03-05T22:22:22.275+0000] {dag.py:3036} INFO - Sync 1 DAGs
[2025-03-05T22:22:22.296+0000] {logging_mixin.py:188} INFO - [2025-03-05T22:22:22.296+0000] {dag.py:3823} INFO - Setting next_dagrun for hola_mundo_dag to None, run_after=None
[2025-03-05T22:22:22.344+0000] {processor.py:183} INFO - Processing /opt/airflow/dags/prueba.py took 0.179 seconds
[2025-03-05T22:22:52.710+0000] {processor.py:161} INFO - Started process (PID=274) to work on /opt/airflow/dags/prueba.py
[2025-03-05T22:22:52.711+0000] {processor.py:830} INFO - Processing file /opt/airflow/dags/prueba.py for tasks to queue
[2025-03-05T22:22:52.713+0000] {logging_mixin.py:188} INFO - [2025-03-05T22:22:52.712+0000] {dagbag.py:538} INFO - Filling up the DagBag from /opt/airflow/dags/prueba.py
[2025-03-05T22:22:52.746+0000] {processor.py:840} INFO - DAG(s) 'hola_mundo_dag' retrieved from /opt/airflow/dags/prueba.py
[2025-03-05T22:22:52.768+0000] {logging_mixin.py:188} INFO - [2025-03-05T22:22:52.768+0000] {dag.py:3036} INFO - Sync 1 DAGs
[2025-03-05T22:22:52.782+0000] {logging_mixin.py:188} INFO - [2025-03-05T22:22:52.782+0000] {dag.py:3823} INFO - Setting next_dagrun for hola_mundo_dag to None, run_after=None
[2025-03-05T22:22:52.824+0000] {processor.py:183} INFO - Processing /opt/airflow/dags/prueba.py took 0.116 seconds
[2025-03-05T22:23:23.673+0000] {processor.py:161} INFO - Started process (PID=289) to work on /opt/airflow/dags/prueba.py
[2025-03-05T22:23:23.675+0000] {processor.py:830} INFO - Processing file /opt/airflow/dags/prueba.py for tasks to queue
[2025-03-05T22:23:23.677+0000] {logging_mixin.py:188} INFO - [2025-03-05T22:23:23.676+0000] {dagbag.py:538} INFO - Filling up the DagBag from /opt/airflow/dags/prueba.py
[2025-03-05T22:23:23.752+0000] {processor.py:840} INFO - DAG(s) 'hola_mundo_dag' retrieved from /opt/airflow/dags/prueba.py
[2025-03-05T22:23:23.796+0000] {logging_mixin.py:188} INFO - [2025-03-05T22:23:23.796+0000] {dag.py:3036} INFO - Sync 1 DAGs
[2025-03-05T22:23:23.822+0000] {logging_mixin.py:188} INFO - [2025-03-05T22:23:23.821+0000] {dag.py:3823} INFO - Setting next_dagrun for hola_mundo_dag to None, run_after=None
[2025-03-05T22:23:23.864+0000] {processor.py:183} INFO - Processing /opt/airflow/dags/prueba.py took 0.194 seconds
[2025-03-05T22:23:54.421+0000] {processor.py:161} INFO - Started process (PID=310) to work on /opt/airflow/dags/prueba.py
[2025-03-05T22:23:54.423+0000] {processor.py:830} INFO - Processing file /opt/airflow/dags/prueba.py for tasks to queue
[2025-03-05T22:23:54.424+0000] {logging_mixin.py:188} INFO - [2025-03-05T22:23:54.424+0000] {dagbag.py:538} INFO - Filling up the DagBag from /opt/airflow/dags/prueba.py
[2025-03-05T22:23:54.449+0000] {processor.py:840} INFO - DAG(s) 'hola_mundo_dag' retrieved from /opt/airflow/dags/prueba.py
[2025-03-05T22:23:54.475+0000] {logging_mixin.py:188} INFO - [2025-03-05T22:23:54.474+0000] {dag.py:3036} INFO - Sync 1 DAGs
[2025-03-05T22:23:54.488+0000] {logging_mixin.py:188} INFO - [2025-03-05T22:23:54.487+0000] {dag.py:3823} INFO - Setting next_dagrun for hola_mundo_dag to None, run_after=None
[2025-03-05T22:23:54.521+0000] {processor.py:183} INFO - Processing /opt/airflow/dags/prueba.py took 0.103 seconds
[2025-03-05T22:24:24.704+0000] {processor.py:161} INFO - Started process (PID=326) to work on /opt/airflow/dags/prueba.py
[2025-03-05T22:24:24.707+0000] {processor.py:830} INFO - Processing file /opt/airflow/dags/prueba.py for tasks to queue
[2025-03-05T22:24:24.709+0000] {logging_mixin.py:188} INFO - [2025-03-05T22:24:24.709+0000] {dagbag.py:538} INFO - Filling up the DagBag from /opt/airflow/dags/prueba.py
[2025-03-05T22:24:24.767+0000] {processor.py:840} INFO - DAG(s) 'hola_mundo_dag' retrieved from /opt/airflow/dags/prueba.py
[2025-03-05T22:24:24.812+0000] {logging_mixin.py:188} INFO - [2025-03-05T22:24:24.812+0000] {dag.py:3036} INFO - Sync 1 DAGs
[2025-03-05T22:24:24.836+0000] {logging_mixin.py:188} INFO - [2025-03-05T22:24:24.836+0000] {dag.py:3823} INFO - Setting next_dagrun for hola_mundo_dag to None, run_after=None
[2025-03-05T22:24:24.873+0000] {processor.py:183} INFO - Processing /opt/airflow/dags/prueba.py took 0.176 seconds
[2025-03-05T22:24:55.607+0000] {processor.py:161} INFO - Started process (PID=336) to work on /opt/airflow/dags/prueba.py
[2025-03-05T22:24:55.610+0000] {processor.py:830} INFO - Processing file /opt/airflow/dags/prueba.py for tasks to queue
[2025-03-05T22:24:55.612+0000] {logging_mixin.py:188} INFO - [2025-03-05T22:24:55.611+0000] {dagbag.py:538} INFO - Filling up the DagBag from /opt/airflow/dags/prueba.py
[2025-03-05T22:24:55.667+0000] {processor.py:840} INFO - DAG(s) 'hola_mundo_dag' retrieved from /opt/airflow/dags/prueba.py
[2025-03-05T22:24:55.699+0000] {logging_mixin.py:188} INFO - [2025-03-05T22:24:55.699+0000] {dag.py:3036} INFO - Sync 1 DAGs
[2025-03-05T22:24:55.713+0000] {logging_mixin.py:188} INFO - [2025-03-05T22:24:55.712+0000] {dag.py:3823} INFO - Setting next_dagrun for hola_mundo_dag to None, run_after=None
[2025-03-05T22:24:55.755+0000] {processor.py:183} INFO - Processing /opt/airflow/dags/prueba.py took 0.153 seconds
[2025-03-05T22:25:26.409+0000] {processor.py:161} INFO - Started process (PID=346) to work on /opt/airflow/dags/prueba.py
[2025-03-05T22:25:26.412+0000] {processor.py:830} INFO - Processing file /opt/airflow/dags/prueba.py for tasks to queue
[2025-03-05T22:25:26.414+0000] {logging_mixin.py:188} INFO - [2025-03-05T22:25:26.414+0000] {dagbag.py:538} INFO - Filling up the DagBag from /opt/airflow/dags/prueba.py
[2025-03-05T22:25:26.473+0000] {processor.py:840} INFO - DAG(s) 'hola_mundo_dag' retrieved from /opt/airflow/dags/prueba.py
[2025-03-05T22:25:26.506+0000] {logging_mixin.py:188} INFO - [2025-03-05T22:25:26.506+0000] {dag.py:3036} INFO - Sync 1 DAGs
[2025-03-05T22:25:26.516+0000] {logging_mixin.py:188} INFO - [2025-03-05T22:25:26.516+0000] {dag.py:3823} INFO - Setting next_dagrun for hola_mundo_dag to None, run_after=None
[2025-03-05T22:25:26.564+0000] {processor.py:183} INFO - Processing /opt/airflow/dags/prueba.py took 0.159 seconds
[2025-03-05T22:25:57.482+0000] {processor.py:161} INFO - Started process (PID=356) to work on /opt/airflow/dags/prueba.py
[2025-03-05T22:25:57.484+0000] {processor.py:830} INFO - Processing file /opt/airflow/dags/prueba.py for tasks to queue
[2025-03-05T22:25:57.486+0000] {logging_mixin.py:188} INFO - [2025-03-05T22:25:57.486+0000] {dagbag.py:538} INFO - Filling up the DagBag from /opt/airflow/dags/prueba.py
[2025-03-05T22:25:57.535+0000] {processor.py:840} INFO - DAG(s) 'hola_mundo_dag' retrieved from /opt/airflow/dags/prueba.py
[2025-03-05T22:25:57.569+0000] {logging_mixin.py:188} INFO - [2025-03-05T22:25:57.568+0000] {dag.py:3036} INFO - Sync 1 DAGs
[2025-03-05T22:25:57.580+0000] {logging_mixin.py:188} INFO - [2025-03-05T22:25:57.580+0000] {dag.py:3823} INFO - Setting next_dagrun for hola_mundo_dag to None, run_after=None
[2025-03-05T22:25:57.627+0000] {processor.py:183} INFO - Processing /opt/airflow/dags/prueba.py took 0.150 seconds
[2025-03-05T22:26:28.320+0000] {processor.py:161} INFO - Started process (PID=366) to work on /opt/airflow/dags/prueba.py
[2025-03-05T22:26:28.322+0000] {processor.py:830} INFO - Processing file /opt/airflow/dags/prueba.py for tasks to queue
[2025-03-05T22:26:28.324+0000] {logging_mixin.py:188} INFO - [2025-03-05T22:26:28.324+0000] {dagbag.py:538} INFO - Filling up the DagBag from /opt/airflow/dags/prueba.py
[2025-03-05T22:26:28.369+0000] {processor.py:840} INFO - DAG(s) 'hola_mundo_dag' retrieved from /opt/airflow/dags/prueba.py
[2025-03-05T22:26:28.397+0000] {logging_mixin.py:188} INFO - [2025-03-05T22:26:28.397+0000] {dag.py:3036} INFO - Sync 1 DAGs
[2025-03-05T22:26:28.408+0000] {logging_mixin.py:188} INFO - [2025-03-05T22:26:28.408+0000] {dag.py:3823} INFO - Setting next_dagrun for hola_mundo_dag to None, run_after=None
[2025-03-05T22:26:28.437+0000] {processor.py:183} INFO - Processing /opt/airflow/dags/prueba.py took 0.120 seconds
[2025-03-05T22:26:58.562+0000] {processor.py:161} INFO - Started process (PID=376) to work on /opt/airflow/dags/prueba.py
[2025-03-05T22:26:58.564+0000] {processor.py:830} INFO - Processing file /opt/airflow/dags/prueba.py for tasks to queue
[2025-03-05T22:26:58.566+0000] {logging_mixin.py:188} INFO - [2025-03-05T22:26:58.566+0000] {dagbag.py:538} INFO - Filling up the DagBag from /opt/airflow/dags/prueba.py
[2025-03-05T22:26:58.615+0000] {processor.py:840} INFO - DAG(s) 'hola_mundo_dag' retrieved from /opt/airflow/dags/prueba.py
[2025-03-05T22:26:58.642+0000] {logging_mixin.py:188} INFO - [2025-03-05T22:26:58.642+0000] {dag.py:3036} INFO - Sync 1 DAGs
[2025-03-05T22:26:58.651+0000] {logging_mixin.py:188} INFO - [2025-03-05T22:26:58.651+0000] {dag.py:3823} INFO - Setting next_dagrun for hola_mundo_dag to None, run_after=None
[2025-03-05T22:26:58.688+0000] {processor.py:183} INFO - Processing /opt/airflow/dags/prueba.py took 0.131 seconds
[2025-03-05T22:27:29.536+0000] {processor.py:161} INFO - Started process (PID=386) to work on /opt/airflow/dags/prueba.py
[2025-03-05T22:27:29.538+0000] {processor.py:830} INFO - Processing file /opt/airflow/dags/prueba.py for tasks to queue
[2025-03-05T22:27:29.539+0000] {logging_mixin.py:188} INFO - [2025-03-05T22:27:29.539+0000] {dagbag.py:538} INFO - Filling up the DagBag from /opt/airflow/dags/prueba.py
[2025-03-05T22:27:29.585+0000] {processor.py:840} INFO - DAG(s) 'hola_mundo_dag' retrieved from /opt/airflow/dags/prueba.py
[2025-03-05T22:27:29.610+0000] {logging_mixin.py:188} INFO - [2025-03-05T22:27:29.610+0000] {dag.py:3036} INFO - Sync 1 DAGs
[2025-03-05T22:27:29.623+0000] {logging_mixin.py:188} INFO - [2025-03-05T22:27:29.623+0000] {dag.py:3823} INFO - Setting next_dagrun for hola_mundo_dag to None, run_after=None
[2025-03-05T22:27:29.649+0000] {processor.py:183} INFO - Processing /opt/airflow/dags/prueba.py took 0.116 seconds
[2025-03-05T22:28:00.310+0000] {processor.py:161} INFO - Started process (PID=396) to work on /opt/airflow/dags/prueba.py
[2025-03-05T22:28:00.311+0000] {processor.py:830} INFO - Processing file /opt/airflow/dags/prueba.py for tasks to queue
[2025-03-05T22:28:00.313+0000] {logging_mixin.py:188} INFO - [2025-03-05T22:28:00.313+0000] {dagbag.py:538} INFO - Filling up the DagBag from /opt/airflow/dags/prueba.py
[2025-03-05T22:28:00.361+0000] {processor.py:840} INFO - DAG(s) 'hola_mundo_dag' retrieved from /opt/airflow/dags/prueba.py
[2025-03-05T22:28:00.390+0000] {logging_mixin.py:188} INFO - [2025-03-05T22:28:00.390+0000] {dag.py:3036} INFO - Sync 1 DAGs
[2025-03-05T22:28:00.401+0000] {logging_mixin.py:188} INFO - [2025-03-05T22:28:00.400+0000] {dag.py:3823} INFO - Setting next_dagrun for hola_mundo_dag to None, run_after=None
[2025-03-05T22:28:00.447+0000] {processor.py:183} INFO - Processing /opt/airflow/dags/prueba.py took 0.142 seconds
[2025-03-05T22:28:31.573+0000] {processor.py:161} INFO - Started process (PID=406) to work on /opt/airflow/dags/prueba.py
[2025-03-05T22:28:31.575+0000] {processor.py:830} INFO - Processing file /opt/airflow/dags/prueba.py for tasks to queue
[2025-03-05T22:28:31.577+0000] {logging_mixin.py:188} INFO - [2025-03-05T22:28:31.577+0000] {dagbag.py:538} INFO - Filling up the DagBag from /opt/airflow/dags/prueba.py
[2025-03-05T22:28:31.625+0000] {processor.py:840} INFO - DAG(s) 'hola_mundo_dag' retrieved from /opt/airflow/dags/prueba.py
[2025-03-05T22:28:31.655+0000] {logging_mixin.py:188} INFO - [2025-03-05T22:28:31.655+0000] {dag.py:3036} INFO - Sync 1 DAGs
[2025-03-05T22:28:31.673+0000] {logging_mixin.py:188} INFO - [2025-03-05T22:28:31.673+0000] {dag.py:3823} INFO - Setting next_dagrun for hola_mundo_dag to None, run_after=None
[2025-03-05T22:28:31.715+0000] {processor.py:183} INFO - Processing /opt/airflow/dags/prueba.py took 0.148 seconds
[2025-03-05T22:29:01.916+0000] {processor.py:161} INFO - Started process (PID=416) to work on /opt/airflow/dags/prueba.py
[2025-03-05T22:29:01.917+0000] {processor.py:830} INFO - Processing file /opt/airflow/dags/prueba.py for tasks to queue
[2025-03-05T22:29:01.919+0000] {logging_mixin.py:188} INFO - [2025-03-05T22:29:01.918+0000] {dagbag.py:538} INFO - Filling up the DagBag from /opt/airflow/dags/prueba.py
[2025-03-05T22:29:01.966+0000] {processor.py:840} INFO - DAG(s) 'hola_mundo_dag' retrieved from /opt/airflow/dags/prueba.py
[2025-03-05T22:29:01.994+0000] {logging_mixin.py:188} INFO - [2025-03-05T22:29:01.994+0000] {dag.py:3036} INFO - Sync 1 DAGs
[2025-03-05T22:29:02.004+0000] {logging_mixin.py:188} INFO - [2025-03-05T22:29:02.004+0000] {dag.py:3823} INFO - Setting next_dagrun for hola_mundo_dag to None, run_after=None
[2025-03-05T22:29:02.042+0000] {processor.py:183} INFO - Processing /opt/airflow/dags/prueba.py took 0.129 seconds
[2025-03-05T22:29:32.140+0000] {processor.py:161} INFO - Started process (PID=426) to work on /opt/airflow/dags/prueba.py
[2025-03-05T22:29:32.142+0000] {processor.py:830} INFO - Processing file /opt/airflow/dags/prueba.py for tasks to queue
[2025-03-05T22:29:32.143+0000] {logging_mixin.py:188} INFO - [2025-03-05T22:29:32.143+0000] {dagbag.py:538} INFO - Filling up the DagBag from /opt/airflow/dags/prueba.py
[2025-03-05T22:29:32.192+0000] {processor.py:840} INFO - DAG(s) 'hola_mundo_dag' retrieved from /opt/airflow/dags/prueba.py
[2025-03-05T22:29:32.225+0000] {logging_mixin.py:188} INFO - [2025-03-05T22:29:32.225+0000] {dag.py:3036} INFO - Sync 1 DAGs
[2025-03-05T22:29:32.238+0000] {logging_mixin.py:188} INFO - [2025-03-05T22:29:32.237+0000] {dag.py:3823} INFO - Setting next_dagrun for hola_mundo_dag to None, run_after=None
[2025-03-05T22:29:32.281+0000] {processor.py:183} INFO - Processing /opt/airflow/dags/prueba.py took 0.144 seconds
[2025-03-05T22:30:02.368+0000] {processor.py:161} INFO - Started process (PID=436) to work on /opt/airflow/dags/prueba.py
[2025-03-05T22:30:02.371+0000] {processor.py:830} INFO - Processing file /opt/airflow/dags/prueba.py for tasks to queue
[2025-03-05T22:30:02.373+0000] {logging_mixin.py:188} INFO - [2025-03-05T22:30:02.372+0000] {dagbag.py:538} INFO - Filling up the DagBag from /opt/airflow/dags/prueba.py
[2025-03-05T22:30:02.430+0000] {processor.py:840} INFO - DAG(s) 'hola_mundo_dag' retrieved from /opt/airflow/dags/prueba.py
[2025-03-05T22:30:02.466+0000] {logging_mixin.py:188} INFO - [2025-03-05T22:30:02.466+0000] {dag.py:3036} INFO - Sync 1 DAGs
[2025-03-05T22:30:02.484+0000] {logging_mixin.py:188} INFO - [2025-03-05T22:30:02.483+0000] {dag.py:3823} INFO - Setting next_dagrun for hola_mundo_dag to None, run_after=None
[2025-03-05T22:30:02.534+0000] {processor.py:183} INFO - Processing /opt/airflow/dags/prueba.py took 0.171 seconds
[2025-03-05T22:30:32.657+0000] {processor.py:161} INFO - Started process (PID=446) to work on /opt/airflow/dags/prueba.py
[2025-03-05T22:30:32.659+0000] {processor.py:830} INFO - Processing file /opt/airflow/dags/prueba.py for tasks to queue
[2025-03-05T22:30:32.660+0000] {logging_mixin.py:188} INFO - [2025-03-05T22:30:32.660+0000] {dagbag.py:538} INFO - Filling up the DagBag from /opt/airflow/dags/prueba.py
[2025-03-05T22:30:32.702+0000] {processor.py:840} INFO - DAG(s) 'hola_mundo_dag' retrieved from /opt/airflow/dags/prueba.py
[2025-03-05T22:30:32.736+0000] {logging_mixin.py:188} INFO - [2025-03-05T22:30:32.735+0000] {dag.py:3036} INFO - Sync 1 DAGs
[2025-03-05T22:30:32.746+0000] {logging_mixin.py:188} INFO - [2025-03-05T22:30:32.746+0000] {dag.py:3823} INFO - Setting next_dagrun for hola_mundo_dag to None, run_after=None
[2025-03-05T22:30:32.790+0000] {processor.py:183} INFO - Processing /opt/airflow/dags/prueba.py took 0.137 seconds
[2025-03-05T22:31:03.790+0000] {processor.py:161} INFO - Started process (PID=456) to work on /opt/airflow/dags/prueba.py
[2025-03-05T22:31:03.792+0000] {processor.py:830} INFO - Processing file /opt/airflow/dags/prueba.py for tasks to queue
[2025-03-05T22:31:03.794+0000] {logging_mixin.py:188} INFO - [2025-03-05T22:31:03.794+0000] {dagbag.py:538} INFO - Filling up the DagBag from /opt/airflow/dags/prueba.py
[2025-03-05T22:31:03.847+0000] {processor.py:840} INFO - DAG(s) 'hola_mundo_dag' retrieved from /opt/airflow/dags/prueba.py
[2025-03-05T22:31:03.874+0000] {logging_mixin.py:188} INFO - [2025-03-05T22:31:03.874+0000] {dag.py:3036} INFO - Sync 1 DAGs
[2025-03-05T22:31:03.887+0000] {logging_mixin.py:188} INFO - [2025-03-05T22:31:03.886+0000] {dag.py:3823} INFO - Setting next_dagrun for hola_mundo_dag to None, run_after=None
[2025-03-05T22:31:03.927+0000] {processor.py:183} INFO - Processing /opt/airflow/dags/prueba.py took 0.140 seconds
[2025-03-05T22:31:34.117+0000] {processor.py:161} INFO - Started process (PID=466) to work on /opt/airflow/dags/prueba.py
[2025-03-05T22:31:34.119+0000] {processor.py:830} INFO - Processing file /opt/airflow/dags/prueba.py for tasks to queue
[2025-03-05T22:31:34.121+0000] {logging_mixin.py:188} INFO - [2025-03-05T22:31:34.121+0000] {dagbag.py:538} INFO - Filling up the DagBag from /opt/airflow/dags/prueba.py
[2025-03-05T22:31:34.176+0000] {processor.py:840} INFO - DAG(s) 'hola_mundo_dag' retrieved from /opt/airflow/dags/prueba.py
[2025-03-05T22:31:34.206+0000] {logging_mixin.py:188} INFO - [2025-03-05T22:31:34.206+0000] {dag.py:3036} INFO - Sync 1 DAGs
[2025-03-05T22:31:34.216+0000] {logging_mixin.py:188} INFO - [2025-03-05T22:31:34.216+0000] {dag.py:3823} INFO - Setting next_dagrun for hola_mundo_dag to None, run_after=None
[2025-03-05T22:31:34.263+0000] {processor.py:183} INFO - Processing /opt/airflow/dags/prueba.py took 0.151 seconds
[2025-03-05T22:32:04.902+0000] {processor.py:161} INFO - Started process (PID=476) to work on /opt/airflow/dags/prueba.py
[2025-03-05T22:32:04.903+0000] {processor.py:830} INFO - Processing file /opt/airflow/dags/prueba.py for tasks to queue
[2025-03-05T22:32:04.905+0000] {logging_mixin.py:188} INFO - [2025-03-05T22:32:04.905+0000] {dagbag.py:538} INFO - Filling up the DagBag from /opt/airflow/dags/prueba.py
[2025-03-05T22:32:04.924+0000] {processor.py:840} INFO - DAG(s) 'hola_mundo_dag' retrieved from /opt/airflow/dags/prueba.py
[2025-03-05T22:32:04.953+0000] {logging_mixin.py:188} INFO - [2025-03-05T22:32:04.953+0000] {dag.py:3036} INFO - Sync 1 DAGs
[2025-03-05T22:32:04.970+0000] {logging_mixin.py:188} INFO - [2025-03-05T22:32:04.969+0000] {dag.py:3823} INFO - Setting next_dagrun for hola_mundo_dag to None, run_after=None
[2025-03-05T22:32:05.006+0000] {processor.py:183} INFO - Processing /opt/airflow/dags/prueba.py took 0.109 seconds
[2025-03-05T22:32:35.641+0000] {processor.py:161} INFO - Started process (PID=486) to work on /opt/airflow/dags/prueba.py
[2025-03-05T22:32:35.643+0000] {processor.py:830} INFO - Processing file /opt/airflow/dags/prueba.py for tasks to queue
[2025-03-05T22:32:35.644+0000] {logging_mixin.py:188} INFO - [2025-03-05T22:32:35.643+0000] {dagbag.py:538} INFO - Filling up the DagBag from /opt/airflow/dags/prueba.py
[2025-03-05T22:32:35.660+0000] {processor.py:840} INFO - DAG(s) 'hola_mundo_dag' retrieved from /opt/airflow/dags/prueba.py
[2025-03-05T22:32:35.692+0000] {logging_mixin.py:188} INFO - [2025-03-05T22:32:35.691+0000] {dag.py:3036} INFO - Sync 1 DAGs
[2025-03-05T22:32:35.707+0000] {logging_mixin.py:188} INFO - [2025-03-05T22:32:35.707+0000] {dag.py:3823} INFO - Setting next_dagrun for hola_mundo_dag to None, run_after=None
[2025-03-05T22:32:35.741+0000] {processor.py:183} INFO - Processing /opt/airflow/dags/prueba.py took 0.103 seconds
[2025-03-05T22:33:06.624+0000] {processor.py:161} INFO - Started process (PID=496) to work on /opt/airflow/dags/prueba.py
[2025-03-05T22:33:06.626+0000] {processor.py:830} INFO - Processing file /opt/airflow/dags/prueba.py for tasks to queue
[2025-03-05T22:33:06.628+0000] {logging_mixin.py:188} INFO - [2025-03-05T22:33:06.628+0000] {dagbag.py:538} INFO - Filling up the DagBag from /opt/airflow/dags/prueba.py
[2025-03-05T22:33:06.676+0000] {processor.py:840} INFO - DAG(s) 'hola_mundo_dag' retrieved from /opt/airflow/dags/prueba.py
[2025-03-05T22:33:06.706+0000] {logging_mixin.py:188} INFO - [2025-03-05T22:33:06.706+0000] {dag.py:3036} INFO - Sync 1 DAGs
[2025-03-05T22:33:06.716+0000] {logging_mixin.py:188} INFO - [2025-03-05T22:33:06.716+0000] {dag.py:3823} INFO - Setting next_dagrun for hola_mundo_dag to None, run_after=None
[2025-03-05T22:33:06.750+0000] {processor.py:183} INFO - Processing /opt/airflow/dags/prueba.py took 0.130 seconds
[2025-03-05T22:33:37.370+0000] {processor.py:161} INFO - Started process (PID=506) to work on /opt/airflow/dags/prueba.py
[2025-03-05T22:33:37.373+0000] {processor.py:830} INFO - Processing file /opt/airflow/dags/prueba.py for tasks to queue
[2025-03-05T22:33:37.374+0000] {logging_mixin.py:188} INFO - [2025-03-05T22:33:37.374+0000] {dagbag.py:538} INFO - Filling up the DagBag from /opt/airflow/dags/prueba.py
[2025-03-05T22:33:37.413+0000] {processor.py:840} INFO - DAG(s) 'hola_mundo_dag' retrieved from /opt/airflow/dags/prueba.py
[2025-03-05T22:33:37.444+0000] {logging_mixin.py:188} INFO - [2025-03-05T22:33:37.444+0000] {dag.py:3036} INFO - Sync 1 DAGs
[2025-03-05T22:33:37.462+0000] {logging_mixin.py:188} INFO - [2025-03-05T22:33:37.462+0000] {dag.py:3823} INFO - Setting next_dagrun for hola_mundo_dag to None, run_after=None
[2025-03-05T22:33:37.508+0000] {processor.py:183} INFO - Processing /opt/airflow/dags/prueba.py took 0.143 seconds
[2025-03-05T22:34:08.253+0000] {processor.py:161} INFO - Started process (PID=521) to work on /opt/airflow/dags/prueba.py
[2025-03-05T22:34:08.256+0000] {processor.py:830} INFO - Processing file /opt/airflow/dags/prueba.py for tasks to queue
[2025-03-05T22:34:08.258+0000] {logging_mixin.py:188} INFO - [2025-03-05T22:34:08.257+0000] {dagbag.py:538} INFO - Filling up the DagBag from /opt/airflow/dags/prueba.py
[2025-03-05T22:34:08.310+0000] {processor.py:840} INFO - DAG(s) 'hola_mundo_dag' retrieved from /opt/airflow/dags/prueba.py
[2025-03-05T22:34:08.345+0000] {logging_mixin.py:188} INFO - [2025-03-05T22:34:08.344+0000] {dag.py:3036} INFO - Sync 1 DAGs
[2025-03-05T22:34:08.366+0000] {logging_mixin.py:188} INFO - [2025-03-05T22:34:08.365+0000] {dag.py:3823} INFO - Setting next_dagrun for hola_mundo_dag to None, run_after=None
[2025-03-05T22:34:08.418+0000] {processor.py:183} INFO - Processing /opt/airflow/dags/prueba.py took 0.170 seconds
[2025-03-05T22:34:39.278+0000] {processor.py:161} INFO - Started process (PID=537) to work on /opt/airflow/dags/prueba.py
[2025-03-05T22:34:39.280+0000] {processor.py:830} INFO - Processing file /opt/airflow/dags/prueba.py for tasks to queue
[2025-03-05T22:34:39.281+0000] {logging_mixin.py:188} INFO - [2025-03-05T22:34:39.281+0000] {dagbag.py:538} INFO - Filling up the DagBag from /opt/airflow/dags/prueba.py
[2025-03-05T22:34:39.307+0000] {processor.py:840} INFO - DAG(s) 'hola_mundo_dag' retrieved from /opt/airflow/dags/prueba.py
[2025-03-05T22:34:39.328+0000] {logging_mixin.py:188} INFO - [2025-03-05T22:34:39.328+0000] {dag.py:3036} INFO - Sync 1 DAGs
[2025-03-05T22:34:39.343+0000] {logging_mixin.py:188} INFO - [2025-03-05T22:34:39.343+0000] {dag.py:3823} INFO - Setting next_dagrun for hola_mundo_dag to None, run_after=None
[2025-03-05T22:34:39.370+0000] {processor.py:183} INFO - Processing /opt/airflow/dags/prueba.py took 0.096 seconds
[2025-03-05T22:35:09.790+0000] {processor.py:161} INFO - Started process (PID=547) to work on /opt/airflow/dags/prueba.py
[2025-03-05T22:35:09.793+0000] {processor.py:830} INFO - Processing file /opt/airflow/dags/prueba.py for tasks to queue
[2025-03-05T22:35:09.795+0000] {logging_mixin.py:188} INFO - [2025-03-05T22:35:09.795+0000] {dagbag.py:538} INFO - Filling up the DagBag from /opt/airflow/dags/prueba.py
[2025-03-05T22:35:09.851+0000] {processor.py:840} INFO - DAG(s) 'hola_mundo_dag' retrieved from /opt/airflow/dags/prueba.py
[2025-03-05T22:35:09.896+0000] {logging_mixin.py:188} INFO - [2025-03-05T22:35:09.896+0000] {dag.py:3036} INFO - Sync 1 DAGs
[2025-03-05T22:35:09.916+0000] {logging_mixin.py:188} INFO - [2025-03-05T22:35:09.916+0000] {dag.py:3823} INFO - Setting next_dagrun for hola_mundo_dag to None, run_after=None
[2025-03-05T22:35:09.968+0000] {processor.py:183} INFO - Processing /opt/airflow/dags/prueba.py took 0.184 seconds
[2025-03-05T22:35:41.089+0000] {processor.py:161} INFO - Started process (PID=557) to work on /opt/airflow/dags/prueba.py
[2025-03-05T22:35:41.090+0000] {processor.py:830} INFO - Processing file /opt/airflow/dags/prueba.py for tasks to queue
[2025-03-05T22:35:41.092+0000] {logging_mixin.py:188} INFO - [2025-03-05T22:35:41.092+0000] {dagbag.py:538} INFO - Filling up the DagBag from /opt/airflow/dags/prueba.py
[2025-03-05T22:35:41.135+0000] {processor.py:840} INFO - DAG(s) 'hola_mundo_dag' retrieved from /opt/airflow/dags/prueba.py
[2025-03-05T22:35:41.174+0000] {logging_mixin.py:188} INFO - [2025-03-05T22:35:41.173+0000] {dag.py:3036} INFO - Sync 1 DAGs
[2025-03-05T22:35:41.192+0000] {logging_mixin.py:188} INFO - [2025-03-05T22:35:41.192+0000] {dag.py:3823} INFO - Setting next_dagrun for hola_mundo_dag to None, run_after=None
[2025-03-05T22:35:41.240+0000] {processor.py:183} INFO - Processing /opt/airflow/dags/prueba.py took 0.153 seconds
[2025-03-05T22:36:11.648+0000] {processor.py:161} INFO - Started process (PID=567) to work on /opt/airflow/dags/prueba.py
[2025-03-05T22:36:11.650+0000] {processor.py:830} INFO - Processing file /opt/airflow/dags/prueba.py for tasks to queue
[2025-03-05T22:36:11.651+0000] {logging_mixin.py:188} INFO - [2025-03-05T22:36:11.651+0000] {dagbag.py:538} INFO - Filling up the DagBag from /opt/airflow/dags/prueba.py
[2025-03-05T22:36:11.685+0000] {processor.py:840} INFO - DAG(s) 'hola_mundo_dag' retrieved from /opt/airflow/dags/prueba.py
[2025-03-05T22:36:11.711+0000] {logging_mixin.py:188} INFO - [2025-03-05T22:36:11.711+0000] {dag.py:3036} INFO - Sync 1 DAGs
[2025-03-05T22:36:11.725+0000] {logging_mixin.py:188} INFO - [2025-03-05T22:36:11.725+0000] {dag.py:3823} INFO - Setting next_dagrun for hola_mundo_dag to None, run_after=None
[2025-03-05T22:36:11.765+0000] {processor.py:183} INFO - Processing /opt/airflow/dags/prueba.py took 0.121 seconds
[2025-03-05T22:36:42.015+0000] {processor.py:161} INFO - Started process (PID=577) to work on /opt/airflow/dags/prueba.py
[2025-03-05T22:36:42.016+0000] {processor.py:830} INFO - Processing file /opt/airflow/dags/prueba.py for tasks to queue
[2025-03-05T22:36:42.018+0000] {logging_mixin.py:188} INFO - [2025-03-05T22:36:42.018+0000] {dagbag.py:538} INFO - Filling up the DagBag from /opt/airflow/dags/prueba.py
[2025-03-05T22:36:42.044+0000] {processor.py:840} INFO - DAG(s) 'hola_mundo_dag' retrieved from /opt/airflow/dags/prueba.py
[2025-03-05T22:36:42.066+0000] {logging_mixin.py:188} INFO - [2025-03-05T22:36:42.066+0000] {dag.py:3036} INFO - Sync 1 DAGs
[2025-03-05T22:36:42.076+0000] {logging_mixin.py:188} INFO - [2025-03-05T22:36:42.075+0000] {dag.py:3823} INFO - Setting next_dagrun for hola_mundo_dag to None, run_after=None
[2025-03-05T22:36:42.111+0000] {processor.py:183} INFO - Processing /opt/airflow/dags/prueba.py took 0.099 seconds
[2025-03-05T22:37:12.565+0000] {processor.py:161} INFO - Started process (PID=587) to work on /opt/airflow/dags/prueba.py
[2025-03-05T22:37:12.567+0000] {processor.py:830} INFO - Processing file /opt/airflow/dags/prueba.py for tasks to queue
[2025-03-05T22:37:12.569+0000] {logging_mixin.py:188} INFO - [2025-03-05T22:37:12.569+0000] {dagbag.py:538} INFO - Filling up the DagBag from /opt/airflow/dags/prueba.py
[2025-03-05T22:37:12.624+0000] {processor.py:840} INFO - DAG(s) 'hola_mundo_dag' retrieved from /opt/airflow/dags/prueba.py
[2025-03-05T22:37:12.659+0000] {logging_mixin.py:188} INFO - [2025-03-05T22:37:12.659+0000] {dag.py:3036} INFO - Sync 1 DAGs
[2025-03-05T22:37:12.669+0000] {logging_mixin.py:188} INFO - [2025-03-05T22:37:12.669+0000] {dag.py:3823} INFO - Setting next_dagrun for hola_mundo_dag to None, run_after=None
[2025-03-05T22:37:12.710+0000] {processor.py:183} INFO - Processing /opt/airflow/dags/prueba.py took 0.149 seconds
[2025-03-05T22:37:43.583+0000] {processor.py:161} INFO - Started process (PID=597) to work on /opt/airflow/dags/prueba.py
[2025-03-05T22:37:43.585+0000] {processor.py:830} INFO - Processing file /opt/airflow/dags/prueba.py for tasks to queue
[2025-03-05T22:37:43.587+0000] {logging_mixin.py:188} INFO - [2025-03-05T22:37:43.587+0000] {dagbag.py:538} INFO - Filling up the DagBag from /opt/airflow/dags/prueba.py
[2025-03-05T22:37:43.634+0000] {processor.py:840} INFO - DAG(s) 'hola_mundo_dag' retrieved from /opt/airflow/dags/prueba.py
[2025-03-05T22:37:43.661+0000] {logging_mixin.py:188} INFO - [2025-03-05T22:37:43.661+0000] {dag.py:3036} INFO - Sync 1 DAGs
[2025-03-05T22:37:43.670+0000] {logging_mixin.py:188} INFO - [2025-03-05T22:37:43.670+0000] {dag.py:3823} INFO - Setting next_dagrun for hola_mundo_dag to None, run_after=None
[2025-03-05T22:37:43.714+0000] {processor.py:183} INFO - Processing /opt/airflow/dags/prueba.py took 0.135 seconds
[2025-03-05T22:38:13.891+0000] {processor.py:161} INFO - Started process (PID=607) to work on /opt/airflow/dags/prueba.py
[2025-03-05T22:38:13.894+0000] {processor.py:830} INFO - Processing file /opt/airflow/dags/prueba.py for tasks to queue
[2025-03-05T22:38:13.895+0000] {logging_mixin.py:188} INFO - [2025-03-05T22:38:13.895+0000] {dagbag.py:538} INFO - Filling up the DagBag from /opt/airflow/dags/prueba.py
[2025-03-05T22:38:13.936+0000] {processor.py:840} INFO - DAG(s) 'hola_mundo_dag' retrieved from /opt/airflow/dags/prueba.py
[2025-03-05T22:38:13.976+0000] {logging_mixin.py:188} INFO - [2025-03-05T22:38:13.976+0000] {dag.py:3036} INFO - Sync 1 DAGs
[2025-03-05T22:38:13.996+0000] {logging_mixin.py:188} INFO - [2025-03-05T22:38:13.996+0000] {dag.py:3823} INFO - Setting next_dagrun for hola_mundo_dag to None, run_after=None
[2025-03-05T22:38:14.038+0000] {processor.py:183} INFO - Processing /opt/airflow/dags/prueba.py took 0.149 seconds
[2025-03-05T22:38:44.503+0000] {processor.py:161} INFO - Started process (PID=617) to work on /opt/airflow/dags/prueba.py
[2025-03-05T22:38:44.505+0000] {processor.py:830} INFO - Processing file /opt/airflow/dags/prueba.py for tasks to queue
[2025-03-05T22:38:44.506+0000] {logging_mixin.py:188} INFO - [2025-03-05T22:38:44.506+0000] {dagbag.py:538} INFO - Filling up the DagBag from /opt/airflow/dags/prueba.py
[2025-03-05T22:38:44.551+0000] {processor.py:840} INFO - DAG(s) 'hola_mundo_dag' retrieved from /opt/airflow/dags/prueba.py
[2025-03-05T22:38:44.577+0000] {logging_mixin.py:188} INFO - [2025-03-05T22:38:44.576+0000] {dag.py:3036} INFO - Sync 1 DAGs
[2025-03-05T22:38:44.586+0000] {logging_mixin.py:188} INFO - [2025-03-05T22:38:44.586+0000] {dag.py:3823} INFO - Setting next_dagrun for hola_mundo_dag to None, run_after=None
[2025-03-05T22:38:44.631+0000] {processor.py:183} INFO - Processing /opt/airflow/dags/prueba.py took 0.130 seconds
[2025-03-05T22:39:15.284+0000] {processor.py:161} INFO - Started process (PID=627) to work on /opt/airflow/dags/prueba.py
[2025-03-05T22:39:15.285+0000] {processor.py:830} INFO - Processing file /opt/airflow/dags/prueba.py for tasks to queue
[2025-03-05T22:39:15.287+0000] {logging_mixin.py:188} INFO - [2025-03-05T22:39:15.287+0000] {dagbag.py:538} INFO - Filling up the DagBag from /opt/airflow/dags/prueba.py
[2025-03-05T22:39:15.326+0000] {processor.py:840} INFO - DAG(s) 'hola_mundo_dag' retrieved from /opt/airflow/dags/prueba.py
[2025-03-05T22:39:15.353+0000] {logging_mixin.py:188} INFO - [2025-03-05T22:39:15.352+0000] {dag.py:3036} INFO - Sync 1 DAGs
[2025-03-05T22:39:15.366+0000] {logging_mixin.py:188} INFO - [2025-03-05T22:39:15.365+0000] {dag.py:3823} INFO - Setting next_dagrun for hola_mundo_dag to None, run_after=None
[2025-03-05T22:39:15.397+0000] {processor.py:183} INFO - Processing /opt/airflow/dags/prueba.py took 0.116 seconds
[2025-03-05T22:39:46.110+0000] {processor.py:161} INFO - Started process (PID=637) to work on /opt/airflow/dags/prueba.py
[2025-03-05T22:39:46.111+0000] {processor.py:830} INFO - Processing file /opt/airflow/dags/prueba.py for tasks to queue
[2025-03-05T22:39:46.113+0000] {logging_mixin.py:188} INFO - [2025-03-05T22:39:46.113+0000] {dagbag.py:538} INFO - Filling up the DagBag from /opt/airflow/dags/prueba.py
[2025-03-05T22:39:46.144+0000] {processor.py:840} INFO - DAG(s) 'hola_mundo_dag' retrieved from /opt/airflow/dags/prueba.py
[2025-03-05T22:39:46.175+0000] {logging_mixin.py:188} INFO - [2025-03-05T22:39:46.175+0000] {dag.py:3036} INFO - Sync 1 DAGs
[2025-03-05T22:39:46.190+0000] {logging_mixin.py:188} INFO - [2025-03-05T22:39:46.190+0000] {dag.py:3823} INFO - Setting next_dagrun for hola_mundo_dag to None, run_after=None
[2025-03-05T22:39:46.218+0000] {processor.py:183} INFO - Processing /opt/airflow/dags/prueba.py took 0.112 seconds
[2025-03-05T22:40:16.305+0000] {processor.py:161} INFO - Started process (PID=647) to work on /opt/airflow/dags/prueba.py
[2025-03-05T22:40:16.307+0000] {processor.py:830} INFO - Processing file /opt/airflow/dags/prueba.py for tasks to queue
[2025-03-05T22:40:16.309+0000] {logging_mixin.py:188} INFO - [2025-03-05T22:40:16.308+0000] {dagbag.py:538} INFO - Filling up the DagBag from /opt/airflow/dags/prueba.py
[2025-03-05T22:40:16.360+0000] {processor.py:840} INFO - DAG(s) 'hola_mundo_dag' retrieved from /opt/airflow/dags/prueba.py
[2025-03-05T22:40:16.388+0000] {logging_mixin.py:188} INFO - [2025-03-05T22:40:16.388+0000] {dag.py:3036} INFO - Sync 1 DAGs
[2025-03-05T22:40:16.398+0000] {logging_mixin.py:188} INFO - [2025-03-05T22:40:16.398+0000] {dag.py:3823} INFO - Setting next_dagrun for hola_mundo_dag to None, run_after=None
[2025-03-05T22:40:16.427+0000] {processor.py:183} INFO - Processing /opt/airflow/dags/prueba.py took 0.125 seconds
[2025-03-05T22:40:46.628+0000] {processor.py:161} INFO - Started process (PID=657) to work on /opt/airflow/dags/prueba.py
[2025-03-05T22:40:46.630+0000] {processor.py:830} INFO - Processing file /opt/airflow/dags/prueba.py for tasks to queue
[2025-03-05T22:40:46.633+0000] {logging_mixin.py:188} INFO - [2025-03-05T22:40:46.632+0000] {dagbag.py:538} INFO - Filling up the DagBag from /opt/airflow/dags/prueba.py
[2025-03-05T22:40:46.681+0000] {processor.py:840} INFO - DAG(s) 'hola_mundo_dag' retrieved from /opt/airflow/dags/prueba.py
[2025-03-05T22:40:46.711+0000] {logging_mixin.py:188} INFO - [2025-03-05T22:40:46.711+0000] {dag.py:3036} INFO - Sync 1 DAGs
[2025-03-05T22:40:46.728+0000] {logging_mixin.py:188} INFO - [2025-03-05T22:40:46.728+0000] {dag.py:3823} INFO - Setting next_dagrun for hola_mundo_dag to None, run_after=None
[2025-03-05T22:40:46.758+0000] {processor.py:183} INFO - Processing /opt/airflow/dags/prueba.py took 0.134 seconds
[2025-03-05T22:41:17.471+0000] {processor.py:161} INFO - Started process (PID=667) to work on /opt/airflow/dags/prueba.py
[2025-03-05T22:41:17.473+0000] {processor.py:830} INFO - Processing file /opt/airflow/dags/prueba.py for tasks to queue
[2025-03-05T22:41:17.475+0000] {logging_mixin.py:188} INFO - [2025-03-05T22:41:17.475+0000] {dagbag.py:538} INFO - Filling up the DagBag from /opt/airflow/dags/prueba.py
[2025-03-05T22:41:17.524+0000] {processor.py:840} INFO - DAG(s) 'hola_mundo_dag' retrieved from /opt/airflow/dags/prueba.py
[2025-03-05T22:41:17.555+0000] {logging_mixin.py:188} INFO - [2025-03-05T22:41:17.554+0000] {dag.py:3036} INFO - Sync 1 DAGs
[2025-03-05T22:41:17.565+0000] {logging_mixin.py:188} INFO - [2025-03-05T22:41:17.565+0000] {dag.py:3823} INFO - Setting next_dagrun for hola_mundo_dag to None, run_after=None
[2025-03-05T22:41:17.607+0000] {processor.py:183} INFO - Processing /opt/airflow/dags/prueba.py took 0.140 seconds
[2025-03-05T22:41:47.717+0000] {processor.py:161} INFO - Started process (PID=677) to work on /opt/airflow/dags/prueba.py
[2025-03-05T22:41:47.718+0000] {processor.py:830} INFO - Processing file /opt/airflow/dags/prueba.py for tasks to queue
[2025-03-05T22:41:47.720+0000] {logging_mixin.py:188} INFO - [2025-03-05T22:41:47.719+0000] {dagbag.py:538} INFO - Filling up the DagBag from /opt/airflow/dags/prueba.py
[2025-03-05T22:41:47.758+0000] {processor.py:840} INFO - DAG(s) 'hola_mundo_dag' retrieved from /opt/airflow/dags/prueba.py
[2025-03-05T22:41:47.797+0000] {logging_mixin.py:188} INFO - [2025-03-05T22:41:47.797+0000] {dag.py:3036} INFO - Sync 1 DAGs
[2025-03-05T22:41:47.815+0000] {logging_mixin.py:188} INFO - [2025-03-05T22:41:47.815+0000] {dag.py:3823} INFO - Setting next_dagrun for hola_mundo_dag to None, run_after=None
[2025-03-05T22:41:47.862+0000] {processor.py:183} INFO - Processing /opt/airflow/dags/prueba.py took 0.150 seconds
[2025-03-05T22:42:18.372+0000] {processor.py:161} INFO - Started process (PID=687) to work on /opt/airflow/dags/prueba.py
[2025-03-05T22:42:18.374+0000] {processor.py:830} INFO - Processing file /opt/airflow/dags/prueba.py for tasks to queue
[2025-03-05T22:42:18.377+0000] {logging_mixin.py:188} INFO - [2025-03-05T22:42:18.376+0000] {dagbag.py:538} INFO - Filling up the DagBag from /opt/airflow/dags/prueba.py
[2025-03-05T22:42:18.436+0000] {processor.py:840} INFO - DAG(s) 'hola_mundo_dag' retrieved from /opt/airflow/dags/prueba.py
[2025-03-05T22:42:18.470+0000] {logging_mixin.py:188} INFO - [2025-03-05T22:42:18.470+0000] {dag.py:3036} INFO - Sync 1 DAGs
[2025-03-05T22:42:18.489+0000] {logging_mixin.py:188} INFO - [2025-03-05T22:42:18.489+0000] {dag.py:3823} INFO - Setting next_dagrun for hola_mundo_dag to None, run_after=None
[2025-03-05T22:42:18.521+0000] {processor.py:183} INFO - Processing /opt/airflow/dags/prueba.py took 0.156 seconds
[2025-03-05T22:42:48.685+0000] {processor.py:161} INFO - Started process (PID=697) to work on /opt/airflow/dags/prueba.py
[2025-03-05T22:42:48.687+0000] {processor.py:830} INFO - Processing file /opt/airflow/dags/prueba.py for tasks to queue
[2025-03-05T22:42:48.688+0000] {logging_mixin.py:188} INFO - [2025-03-05T22:42:48.688+0000] {dagbag.py:538} INFO - Filling up the DagBag from /opt/airflow/dags/prueba.py
[2025-03-05T22:42:48.732+0000] {processor.py:840} INFO - DAG(s) 'hola_mundo_dag' retrieved from /opt/airflow/dags/prueba.py
[2025-03-05T22:42:48.759+0000] {logging_mixin.py:188} INFO - [2025-03-05T22:42:48.758+0000] {dag.py:3036} INFO - Sync 1 DAGs
[2025-03-05T22:42:48.771+0000] {logging_mixin.py:188} INFO - [2025-03-05T22:42:48.771+0000] {dag.py:3823} INFO - Setting next_dagrun for hola_mundo_dag to None, run_after=None
[2025-03-05T22:42:48.815+0000] {processor.py:183} INFO - Processing /opt/airflow/dags/prueba.py took 0.132 seconds
[2025-03-05T22:43:19.008+0000] {processor.py:161} INFO - Started process (PID=707) to work on /opt/airflow/dags/prueba.py
[2025-03-05T22:43:19.010+0000] {processor.py:830} INFO - Processing file /opt/airflow/dags/prueba.py for tasks to queue
[2025-03-05T22:43:19.013+0000] {logging_mixin.py:188} INFO - [2025-03-05T22:43:19.013+0000] {dagbag.py:538} INFO - Filling up the DagBag from /opt/airflow/dags/prueba.py
[2025-03-05T22:43:19.071+0000] {processor.py:840} INFO - DAG(s) 'hola_mundo_dag' retrieved from /opt/airflow/dags/prueba.py
[2025-03-05T22:43:19.110+0000] {logging_mixin.py:188} INFO - [2025-03-05T22:43:19.109+0000] {dag.py:3036} INFO - Sync 1 DAGs
[2025-03-05T22:43:19.121+0000] {logging_mixin.py:188} INFO - [2025-03-05T22:43:19.121+0000] {dag.py:3823} INFO - Setting next_dagrun for hola_mundo_dag to None, run_after=None
[2025-03-05T22:43:19.147+0000] {processor.py:183} INFO - Processing /opt/airflow/dags/prueba.py took 0.146 seconds
[2025-03-05T22:43:49.816+0000] {processor.py:161} INFO - Started process (PID=717) to work on /opt/airflow/dags/prueba.py
[2025-03-05T22:43:49.818+0000] {processor.py:830} INFO - Processing file /opt/airflow/dags/prueba.py for tasks to queue
[2025-03-05T22:43:49.820+0000] {logging_mixin.py:188} INFO - [2025-03-05T22:43:49.820+0000] {dagbag.py:538} INFO - Filling up the DagBag from /opt/airflow/dags/prueba.py
[2025-03-05T22:43:49.864+0000] {processor.py:840} INFO - DAG(s) 'hola_mundo_dag' retrieved from /opt/airflow/dags/prueba.py
[2025-03-05T22:43:49.898+0000] {logging_mixin.py:188} INFO - [2025-03-05T22:43:49.898+0000] {dag.py:3036} INFO - Sync 1 DAGs
[2025-03-05T22:43:49.915+0000] {logging_mixin.py:188} INFO - [2025-03-05T22:43:49.914+0000] {dag.py:3823} INFO - Setting next_dagrun for hola_mundo_dag to None, run_after=None
[2025-03-05T22:43:49.940+0000] {processor.py:183} INFO - Processing /opt/airflow/dags/prueba.py took 0.129 seconds
[2025-03-05T22:44:20.429+0000] {processor.py:161} INFO - Started process (PID=727) to work on /opt/airflow/dags/prueba.py
[2025-03-05T22:44:20.431+0000] {processor.py:830} INFO - Processing file /opt/airflow/dags/prueba.py for tasks to queue
[2025-03-05T22:44:20.433+0000] {logging_mixin.py:188} INFO - [2025-03-05T22:44:20.433+0000] {dagbag.py:538} INFO - Filling up the DagBag from /opt/airflow/dags/prueba.py
[2025-03-05T22:44:20.489+0000] {processor.py:840} INFO - DAG(s) 'hola_mundo_dag' retrieved from /opt/airflow/dags/prueba.py
[2025-03-05T22:44:20.519+0000] {logging_mixin.py:188} INFO - [2025-03-05T22:44:20.519+0000] {dag.py:3036} INFO - Sync 1 DAGs
[2025-03-05T22:44:20.538+0000] {logging_mixin.py:188} INFO - [2025-03-05T22:44:20.537+0000] {dag.py:3823} INFO - Setting next_dagrun for hola_mundo_dag to None, run_after=None
[2025-03-05T22:44:20.580+0000] {processor.py:183} INFO - Processing /opt/airflow/dags/prueba.py took 0.156 seconds
[2025-03-05T22:44:51.215+0000] {processor.py:161} INFO - Started process (PID=737) to work on /opt/airflow/dags/prueba.py
[2025-03-05T22:44:51.217+0000] {processor.py:830} INFO - Processing file /opt/airflow/dags/prueba.py for tasks to queue
[2025-03-05T22:44:51.220+0000] {logging_mixin.py:188} INFO - [2025-03-05T22:44:51.219+0000] {dagbag.py:538} INFO - Filling up the DagBag from /opt/airflow/dags/prueba.py
[2025-03-05T22:44:51.260+0000] {processor.py:840} INFO - DAG(s) 'hola_mundo_dag' retrieved from /opt/airflow/dags/prueba.py
[2025-03-05T22:44:51.285+0000] {logging_mixin.py:188} INFO - [2025-03-05T22:44:51.284+0000] {dag.py:3036} INFO - Sync 1 DAGs
[2025-03-05T22:44:51.298+0000] {logging_mixin.py:188} INFO - [2025-03-05T22:44:51.298+0000] {dag.py:3823} INFO - Setting next_dagrun for hola_mundo_dag to None, run_after=None
[2025-03-05T22:44:51.334+0000] {processor.py:183} INFO - Processing /opt/airflow/dags/prueba.py took 0.124 seconds
[2025-03-05T22:45:21.858+0000] {processor.py:161} INFO - Started process (PID=750) to work on /opt/airflow/dags/prueba.py
[2025-03-05T22:45:21.860+0000] {processor.py:830} INFO - Processing file /opt/airflow/dags/prueba.py for tasks to queue
[2025-03-05T22:45:21.861+0000] {logging_mixin.py:188} INFO - [2025-03-05T22:45:21.861+0000] {dagbag.py:538} INFO - Filling up the DagBag from /opt/airflow/dags/prueba.py
[2025-03-05T22:45:21.888+0000] {processor.py:840} INFO - DAG(s) 'hola_mundo_dag' retrieved from /opt/airflow/dags/prueba.py
[2025-03-05T22:45:21.908+0000] {logging_mixin.py:188} INFO - [2025-03-05T22:45:21.908+0000] {dag.py:3036} INFO - Sync 1 DAGs
[2025-03-05T22:45:21.917+0000] {logging_mixin.py:188} INFO - [2025-03-05T22:45:21.917+0000] {dag.py:3823} INFO - Setting next_dagrun for hola_mundo_dag to None, run_after=None
[2025-03-05T22:45:21.936+0000] {processor.py:183} INFO - Processing /opt/airflow/dags/prueba.py took 0.080 seconds
[2025-03-05T22:45:52.708+0000] {processor.py:161} INFO - Started process (PID=763) to work on /opt/airflow/dags/prueba.py
[2025-03-05T22:45:52.711+0000] {processor.py:830} INFO - Processing file /opt/airflow/dags/prueba.py for tasks to queue
[2025-03-05T22:45:52.713+0000] {logging_mixin.py:188} INFO - [2025-03-05T22:45:52.713+0000] {dagbag.py:538} INFO - Filling up the DagBag from /opt/airflow/dags/prueba.py
[2025-03-05T22:45:52.761+0000] {processor.py:840} INFO - DAG(s) 'hola_mundo_dag' retrieved from /opt/airflow/dags/prueba.py
[2025-03-05T22:45:52.788+0000] {logging_mixin.py:188} INFO - [2025-03-05T22:45:52.788+0000] {dag.py:3036} INFO - Sync 1 DAGs
[2025-03-05T22:45:52.798+0000] {logging_mixin.py:188} INFO - [2025-03-05T22:45:52.798+0000] {dag.py:3823} INFO - Setting next_dagrun for hola_mundo_dag to None, run_after=None
[2025-03-05T22:45:52.828+0000] {processor.py:183} INFO - Processing /opt/airflow/dags/prueba.py took 0.127 seconds
[2025-03-05T22:46:23.692+0000] {processor.py:161} INFO - Started process (PID=773) to work on /opt/airflow/dags/prueba.py
[2025-03-05T22:46:23.694+0000] {processor.py:830} INFO - Processing file /opt/airflow/dags/prueba.py for tasks to queue
[2025-03-05T22:46:23.696+0000] {logging_mixin.py:188} INFO - [2025-03-05T22:46:23.696+0000] {dagbag.py:538} INFO - Filling up the DagBag from /opt/airflow/dags/prueba.py
[2025-03-05T22:46:23.762+0000] {processor.py:840} INFO - DAG(s) 'hola_mundo_dag' retrieved from /opt/airflow/dags/prueba.py
[2025-03-05T22:46:23.817+0000] {logging_mixin.py:188} INFO - [2025-03-05T22:46:23.817+0000] {dag.py:3036} INFO - Sync 1 DAGs
[2025-03-05T22:46:23.829+0000] {logging_mixin.py:188} INFO - [2025-03-05T22:46:23.829+0000] {dag.py:3823} INFO - Setting next_dagrun for hola_mundo_dag to None, run_after=None
[2025-03-05T22:46:23.859+0000] {processor.py:183} INFO - Processing /opt/airflow/dags/prueba.py took 0.171 seconds
[2025-03-05T22:46:54.554+0000] {processor.py:161} INFO - Started process (PID=783) to work on /opt/airflow/dags/prueba.py
[2025-03-05T22:46:54.556+0000] {processor.py:830} INFO - Processing file /opt/airflow/dags/prueba.py for tasks to queue
[2025-03-05T22:46:54.558+0000] {logging_mixin.py:188} INFO - [2025-03-05T22:46:54.558+0000] {dagbag.py:538} INFO - Filling up the DagBag from /opt/airflow/dags/prueba.py
[2025-03-05T22:46:54.611+0000] {processor.py:840} INFO - DAG(s) 'hola_mundo_dag' retrieved from /opt/airflow/dags/prueba.py
[2025-03-05T22:46:54.640+0000] {logging_mixin.py:188} INFO - [2025-03-05T22:46:54.640+0000] {dag.py:3036} INFO - Sync 1 DAGs
[2025-03-05T22:46:54.649+0000] {logging_mixin.py:188} INFO - [2025-03-05T22:46:54.649+0000] {dag.py:3823} INFO - Setting next_dagrun for hola_mundo_dag to None, run_after=None
[2025-03-05T22:46:54.677+0000] {processor.py:183} INFO - Processing /opt/airflow/dags/prueba.py took 0.128 seconds
[2025-03-05T22:47:25.175+0000] {processor.py:161} INFO - Started process (PID=793) to work on /opt/airflow/dags/prueba.py
[2025-03-05T22:47:25.177+0000] {processor.py:830} INFO - Processing file /opt/airflow/dags/prueba.py for tasks to queue
[2025-03-05T22:47:25.179+0000] {logging_mixin.py:188} INFO - [2025-03-05T22:47:25.179+0000] {dagbag.py:538} INFO - Filling up the DagBag from /opt/airflow/dags/prueba.py
[2025-03-05T22:47:25.232+0000] {processor.py:840} INFO - DAG(s) 'hola_mundo_dag' retrieved from /opt/airflow/dags/prueba.py
[2025-03-05T22:47:25.267+0000] {logging_mixin.py:188} INFO - [2025-03-05T22:47:25.267+0000] {dag.py:3036} INFO - Sync 1 DAGs
[2025-03-05T22:47:25.279+0000] {logging_mixin.py:188} INFO - [2025-03-05T22:47:25.279+0000] {dag.py:3823} INFO - Setting next_dagrun for hola_mundo_dag to None, run_after=None
[2025-03-05T22:47:25.302+0000] {processor.py:183} INFO - Processing /opt/airflow/dags/prueba.py took 0.132 seconds
[2025-03-05T22:47:56.183+0000] {processor.py:161} INFO - Started process (PID=803) to work on /opt/airflow/dags/prueba.py
[2025-03-05T22:47:56.185+0000] {processor.py:830} INFO - Processing file /opt/airflow/dags/prueba.py for tasks to queue
[2025-03-05T22:47:56.187+0000] {logging_mixin.py:188} INFO - [2025-03-05T22:47:56.186+0000] {dagbag.py:538} INFO - Filling up the DagBag from /opt/airflow/dags/prueba.py
[2025-03-05T22:47:56.233+0000] {processor.py:840} INFO - DAG(s) 'hola_mundo_dag' retrieved from /opt/airflow/dags/prueba.py
[2025-03-05T22:47:56.266+0000] {logging_mixin.py:188} INFO - [2025-03-05T22:47:56.266+0000] {dag.py:3036} INFO - Sync 1 DAGs
[2025-03-05T22:47:56.277+0000] {logging_mixin.py:188} INFO - [2025-03-05T22:47:56.277+0000] {dag.py:3823} INFO - Setting next_dagrun for hola_mundo_dag to None, run_after=None
[2025-03-05T22:47:56.321+0000] {processor.py:183} INFO - Processing /opt/airflow/dags/prueba.py took 0.142 seconds
[2025-03-05T22:48:26.891+0000] {processor.py:161} INFO - Started process (PID=813) to work on /opt/airflow/dags/prueba.py
[2025-03-05T22:48:26.893+0000] {processor.py:830} INFO - Processing file /opt/airflow/dags/prueba.py for tasks to queue
[2025-03-05T22:48:26.896+0000] {logging_mixin.py:188} INFO - [2025-03-05T22:48:26.895+0000] {dagbag.py:538} INFO - Filling up the DagBag from /opt/airflow/dags/prueba.py
[2025-03-05T22:48:26.939+0000] {processor.py:840} INFO - DAG(s) 'hola_mundo_dag' retrieved from /opt/airflow/dags/prueba.py
[2025-03-05T22:48:26.972+0000] {logging_mixin.py:188} INFO - [2025-03-05T22:48:26.972+0000] {dag.py:3036} INFO - Sync 1 DAGs
[2025-03-05T22:48:26.991+0000] {logging_mixin.py:188} INFO - [2025-03-05T22:48:26.990+0000] {dag.py:3823} INFO - Setting next_dagrun for hola_mundo_dag to None, run_after=None
[2025-03-05T22:48:27.023+0000] {processor.py:183} INFO - Processing /opt/airflow/dags/prueba.py took 0.137 seconds
[2025-03-05T22:48:57.512+0000] {processor.py:161} INFO - Started process (PID=823) to work on /opt/airflow/dags/prueba.py
[2025-03-05T22:48:57.513+0000] {processor.py:830} INFO - Processing file /opt/airflow/dags/prueba.py for tasks to queue
[2025-03-05T22:48:57.515+0000] {logging_mixin.py:188} INFO - [2025-03-05T22:48:57.515+0000] {dagbag.py:538} INFO - Filling up the DagBag from /opt/airflow/dags/prueba.py
[2025-03-05T22:48:57.538+0000] {processor.py:840} INFO - DAG(s) 'hola_mundo_dag' retrieved from /opt/airflow/dags/prueba.py
[2025-03-05T22:48:57.567+0000] {logging_mixin.py:188} INFO - [2025-03-05T22:48:57.566+0000] {dag.py:3036} INFO - Sync 1 DAGs
[2025-03-05T22:48:57.579+0000] {logging_mixin.py:188} INFO - [2025-03-05T22:48:57.578+0000] {dag.py:3823} INFO - Setting next_dagrun for hola_mundo_dag to None, run_after=None
[2025-03-05T22:48:57.599+0000] {processor.py:183} INFO - Processing /opt/airflow/dags/prueba.py took 0.090 seconds
[2025-03-05T22:49:28.317+0000] {processor.py:161} INFO - Started process (PID=833) to work on /opt/airflow/dags/prueba.py
[2025-03-05T22:49:28.318+0000] {processor.py:830} INFO - Processing file /opt/airflow/dags/prueba.py for tasks to queue
[2025-03-05T22:49:28.320+0000] {logging_mixin.py:188} INFO - [2025-03-05T22:49:28.320+0000] {dagbag.py:538} INFO - Filling up the DagBag from /opt/airflow/dags/prueba.py
[2025-03-05T22:49:28.367+0000] {processor.py:840} INFO - DAG(s) 'hola_mundo_dag' retrieved from /opt/airflow/dags/prueba.py
[2025-03-05T22:49:28.393+0000] {logging_mixin.py:188} INFO - [2025-03-05T22:49:28.393+0000] {dag.py:3036} INFO - Sync 1 DAGs
[2025-03-05T22:49:28.403+0000] {logging_mixin.py:188} INFO - [2025-03-05T22:49:28.403+0000] {dag.py:3823} INFO - Setting next_dagrun for hola_mundo_dag to None, run_after=None
[2025-03-05T22:49:28.435+0000] {processor.py:183} INFO - Processing /opt/airflow/dags/prueba.py took 0.122 seconds
